Mono path[0] = 'C:/Users/user/Documents/TA Game/mlagent/Build/GardenFrenzy_Data/Managed'
Mono config path = 'C:/Users/user/Documents/TA Game/mlagent/Build/MonoBleedingEdge/etc'
[Physics::Module] Initialized MultithreadedJobDispatcher with 19 workers.
Initialize engine version: 2022.3.10f1 (ff3792e53c62)
[Subsystems] Discovering subsystems at path C:/Users/user/Documents/TA Game/mlagent/Build/GardenFrenzy_Data/UnitySubsystems
GfxDevice: creating device client; threaded=1; jobified=0
Direct3D:
    Version:  Direct3D 11.0 [level 11.1]
    Renderer: NVIDIA GeForce RTX 4080 (ID=0x2704)
    Vendor:   NVIDIA
    VRAM:     16064 MB
    Driver:   31.0.15.4617
Begin MonoManager ReloadAssembly
- Loaded All Assemblies, in  1.595 seconds
- Finished resetting the current domain, in  0.001 seconds
<RI> Initializing input.
New input system (experimental) initialized
Using Windows.Gaming.Input
XInput1_3.dll not found. Trying XInput9_1_0.dll instead...
<RI> Input initialized.
<RI> Initialized touch support.
UnloadTime: 0.643100 ms
0
0x00007fff077e0b3d (UnityPlayer) UnityMain
0x00007fff077e08b8 (UnityPlayer) UnityMain
0x00007fff077c9b99 (UnityPlayer) UnityMain
0x00007fff07e4ea7f (UnityPlayer) UnityMain
0x00007fff06e69b28 (UnityPlayer) 
0x00000164dc1dbf03 (Mono JIT Code) (wrapper managed-to-native) UnityEngine.DebugLogHandler:Internal_Log (UnityEngine.LogType,UnityEngine.LogOption,string,UnityEngine.Object)
0x00000164dc1dbbab (Mono JIT Code) UnityEngine.DebugLogHandler:LogFormat (UnityEngine.LogType,UnityEngine.Object,string,object[])
0x00000164dc1db760 (Mono JIT Code) UnityEngine.Logger:Log (UnityEngine.LogType,object)
0x00000164dc1db628 (Mono JIT Code) UnityEngine.Debug:Log (object)
0x00000164dc1db1fb (Mono JIT Code) VegetableSpawner:SpawnVegetables ()
0x00000164dc1db00b (Mono JIT Code) VegetableSpawner:Start ()
0x00000164992fb0e8 (Mono JIT Code) (wrapper runtime-invoke) object:runtime_invoke_void__this__ (object,intptr,intptr,intptr)
0x00007fff0663e274 (mono-2.0-bdwgc) mono_jit_set_domain
0x00007fff0657eb74 (mono-2.0-bdwgc) mono_object_get_virtual_method
0x00007fff0657ed0c (mono-2.0-bdwgc) mono_runtime_invoke
0x00007fff0756a75a (UnityPlayer) 
0x00007fff07558b7b (UnityPlayer) 
0x00007fff075593d6 (UnityPlayer) 
0x00007fff0755a5da (UnityPlayer) 
0x00007fff0722fe1d (UnityPlayer) 
0x00007fff0739be37 (UnityPlayer) 
0x00007fff0739bfc4 (UnityPlayer) 
0x00007fff0739c3d3 (UnityPlayer) 
0x00007fff075e93db (UnityPlayer) 
0x00007fff075eba7b (UnityPlayer) 
0x00007fff075eee1b (UnityPlayer) 
0x00007fff075ef0bb (UnityPlayer) UnityMain
0x00007ff7e4c111f2 (GardenFrenzy) 
0x00007ffa2c0b257d (KERNEL32) BaseThreadInitThunk
0x00007ffa2d2caa58 (ntdll) RtlUserThreadStart

1
0x00007fff077e0b3d (UnityPlayer) UnityMain
0x00007fff077e08b8 (UnityPlayer) UnityMain
0x00007fff077c9b99 (UnityPlayer) UnityMain
0x00007fff07e4ea7f (UnityPlayer) UnityMain
0x00007fff06e69b28 (UnityPlayer) 
0x00000164dc1dbf03 (Mono JIT Code) (wrapper managed-to-native) UnityEngine.DebugLogHandler:Internal_Log (UnityEngine.LogType,UnityEngine.LogOption,string,UnityEngine.Object)
0x00000164dc1dbbab (Mono JIT Code) UnityEngine.DebugLogHandler:LogFormat (UnityEngine.LogType,UnityEngine.Object,string,object[])
0x00000164dc1db760 (Mono JIT Code) UnityEngine.Logger:Log (UnityEngine.LogType,object)
0x00000164dc1db628 (Mono JIT Code) UnityEngine.Debug:Log (object)
0x00000164dc1db1fb (Mono JIT Code) VegetableSpawner:SpawnVegetables ()
0x00000164dc1db00b (Mono JIT Code) VegetableSpawner:Start ()
0x00000164992fb0e8 (Mono JIT Code) (wrapper runtime-invoke) object:runtime_invoke_void__this__ (object,intptr,intptr,intptr)
0x00007fff0663e274 (mono-2.0-bdwgc) mono_jit_set_domain
0x00007fff0657eb74 (mono-2.0-bdwgc) mono_object_get_virtual_method
0x00007fff0657ed0c (mono-2.0-bdwgc) mono_runtime_invoke
0x00007fff0756a75a (UnityPlayer) 
0x00007fff07558b7b (UnityPlayer) 
0x00007fff075593d6 (UnityPlayer) 
0x00007fff0755a5da (UnityPlayer) 
0x00007fff0722fe1d (UnityPlayer) 
0x00007fff0739be37 (UnityPlayer) 
0x00007fff0739bfc4 (UnityPlayer) 
0x00007fff0739c3d3 (UnityPlayer) 
0x00007fff075e93db (UnityPlayer) 
0x00007fff075eba7b (UnityPlayer) 
0x00007fff075eee1b (UnityPlayer) 
0x00007fff075ef0bb (UnityPlayer) UnityMain
0x00007ff7e4c111f2 (GardenFrenzy) 
0x00007ffa2c0b257d (KERNEL32) BaseThreadInitThunk
0x00007ffa2d2caa58 (ntdll) RtlUserThreadStart

2
0x00007fff077e0b3d (UnityPlayer) UnityMain
0x00007fff077e08b8 (UnityPlayer) UnityMain
0x00007fff077c9b99 (UnityPlayer) UnityMain
0x00007fff07e4ea7f (UnityPlayer) UnityMain
0x00007fff06e69b28 (UnityPlayer) 
0x00000164dc1dbf03 (Mono JIT Code) (wrapper managed-to-native) UnityEngine.DebugLogHandler:Internal_Log (UnityEngine.LogType,UnityEngine.LogOption,string,UnityEngine.Object)
0x00000164dc1dbbab (Mono JIT Code) UnityEngine.DebugLogHandler:LogFormat (UnityEngine.LogType,UnityEngine.Object,string,object[])
0x00000164dc1db760 (Mono JIT Code) UnityEngine.Logger:Log (UnityEngine.LogType,object)
0x00000164dc1db628 (Mono JIT Code) UnityEngine.Debug:Log (object)
0x00000164dc1db1fb (Mono JIT Code) VegetableSpawner:SpawnVegetables ()
0x00000164dc1db00b (Mono JIT Code) VegetableSpawner:Start ()
0x00000164992fb0e8 (Mono JIT Code) (wrapper runtime-invoke) object:runtime_invoke_void__this__ (object,intptr,intptr,intptr)
0x00007fff0663e274 (mono-2.0-bdwgc) mono_jit_set_domain
0x00007fff0657eb74 (mono-2.0-bdwgc) mono_object_get_virtual_method
0x00007fff0657ed0c (mono-2.0-bdwgc) mono_runtime_invoke
0x00007fff0756a75a (UnityPlayer) 
0x00007fff07558b7b (UnityPlayer) 
0x00007fff075593d6 (UnityPlayer) 
0x00007fff0755a5da (UnityPlayer) 
0x00007fff0722fe1d (UnityPlayer) 
0x00007fff0739be37 (UnityPlayer) 
0x00007fff0739bfc4 (UnityPlayer) 
0x00007fff0739c3d3 (UnityPlayer) 
0x00007fff075e93db (UnityPlayer) 
0x00007fff075eba7b (UnityPlayer) 
0x00007fff075eee1b (UnityPlayer) 
0x00007fff075ef0bb (UnityPlayer) UnityMain
0x00007ff7e4c111f2 (GardenFrenzy) 
0x00007ffa2c0b257d (KERNEL32) BaseThreadInitThunk
0x00007ffa2d2caa58 (ntdll) RtlUserThreadStart

3
0x00007fff077e0b3d (UnityPlayer) UnityMain
0x00007fff077e08b8 (UnityPlayer) UnityMain
0x00007fff077c9b99 (UnityPlayer) UnityMain
0x00007fff07e4ea7f (UnityPlayer) UnityMain
0x00007fff06e69b28 (UnityPlayer) 
0x00000164dc1dbf03 (Mono JIT Code) (wrapper managed-to-native) UnityEngine.DebugLogHandler:Internal_Log (UnityEngine.LogType,UnityEngine.LogOption,string,UnityEngine.Object)
0x00000164dc1dbbab (Mono JIT Code) UnityEngine.DebugLogHandler:LogFormat (UnityEngine.LogType,UnityEngine.Object,string,object[])
0x00000164dc1db760 (Mono JIT Code) UnityEngine.Logger:Log (UnityEngine.LogType,object)
0x00000164dc1db628 (Mono JIT Code) UnityEngine.Debug:Log (object)
0x00000164dc1db1fb (Mono JIT Code) VegetableSpawner:SpawnVegetables ()
0x00000164dc1db00b (Mono JIT Code) VegetableSpawner:Start ()
0x00000164992fb0e8 (Mono JIT Code) (wrapper runtime-invoke) object:runtime_invoke_void__this__ (object,intptr,intptr,intptr)
0x00007fff0663e274 (mono-2.0-bdwgc) mono_jit_set_domain
0x00007fff0657eb74 (mono-2.0-bdwgc) mono_object_get_virtual_method
0x00007fff0657ed0c (mono-2.0-bdwgc) mono_runtime_invoke
0x00007fff0756a75a (UnityPlayer) 
0x00007fff07558b7b (UnityPlayer) 
0x00007fff075593d6 (UnityPlayer) 
0x00007fff0755a5da (UnityPlayer) 
0x00007fff0722fe1d (UnityPlayer) 
0x00007fff0739be37 (UnityPlayer) 
0x00007fff0739bfc4 (UnityPlayer) 
0x00007fff0739c3d3 (UnityPlayer) 
0x00007fff075e93db (UnityPlayer) 
0x00007fff075eba7b (UnityPlayer) 
0x00007fff075eee1b (UnityPlayer) 
0x00007fff075ef0bb (UnityPlayer) UnityMain
0x00007ff7e4c111f2 (GardenFrenzy) 
0x00007ffa2c0b257d (KERNEL32) BaseThreadInitThunk
0x00007ffa2d2caa58 (ntdll) RtlUserThreadStart

4
0x00007fff077e0b3d (UnityPlayer) UnityMain
0x00007fff077e08b8 (UnityPlayer) UnityMain
0x00007fff077c9b99 (UnityPlayer) UnityMain
0x00007fff07e4ea7f (UnityPlayer) UnityMain
0x00007fff06e69b28 (UnityPlayer) 
0x00000164dc1dbf03 (Mono JIT Code) (wrapper managed-to-native) UnityEngine.DebugLogHandler:Internal_Log (UnityEngine.LogType,UnityEngine.LogOption,string,UnityEngine.Object)
0x00000164dc1dbbab (Mono JIT Code) UnityEngine.DebugLogHandler:LogFormat (UnityEngine.LogType,UnityEngine.Object,string,object[])
0x00000164dc1db760 (Mono JIT Code) UnityEngine.Logger:Log (UnityEngine.LogType,object)
0x00000164dc1db628 (Mono JIT Code) UnityEngine.Debug:Log (object)
0x00000164dc1db1fb (Mono JIT Code) VegetableSpawner:SpawnVegetables ()
0x00000164dc1db00b (Mono JIT Code) VegetableSpawner:Start ()
0x00000164992fb0e8 (Mono JIT Code) (wrapper runtime-invoke) object:runtime_invoke_void__this__ (object,intptr,intptr,intptr)
0x00007fff0663e274 (mono-2.0-bdwgc) mono_jit_set_domain
0x00007fff0657eb74 (mono-2.0-bdwgc) mono_object_get_virtual_method
0x00007fff0657ed0c (mono-2.0-bdwgc) mono_runtime_invoke
0x00007fff0756a75a (UnityPlayer) 
0x00007fff07558b7b (UnityPlayer) 
0x00007fff075593d6 (UnityPlayer) 
0x00007fff0755a5da (UnityPlayer) 
0x00007fff0722fe1d (UnityPlayer) 
0x00007fff0739be37 (UnityPlayer) 
0x00007fff0739bfc4 (UnityPlayer) 
0x00007fff0739c3d3 (UnityPlayer) 
0x00007fff075e93db (UnityPlayer) 
0x00007fff075eba7b (UnityPlayer) 
0x00007fff075eee1b (UnityPlayer) 
0x00007fff075ef0bb (UnityPlayer) UnityMain
0x00007ff7e4c111f2 (GardenFrenzy) 
0x00007ffa2c0b257d (KERNEL32) BaseThreadInitThunk
0x00007ffa2d2caa58 (ntdll) RtlUserThreadStart

5
0x00007fff077e0b3d (UnityPlayer) UnityMain
0x00007fff077e08b8 (UnityPlayer) UnityMain
0x00007fff077c9b99 (UnityPlayer) UnityMain
0x00007fff07e4ea7f (UnityPlayer) UnityMain
0x00007fff06e69b28 (UnityPlayer) 
0x00000164dc1dbf03 (Mono JIT Code) (wrapper managed-to-native) UnityEngine.DebugLogHandler:Internal_Log (UnityEngine.LogType,UnityEngine.LogOption,string,UnityEngine.Object)
0x00000164dc1dbbab (Mono JIT Code) UnityEngine.DebugLogHandler:LogFormat (UnityEngine.LogType,UnityEngine.Object,string,object[])
0x00000164dc1db760 (Mono JIT Code) UnityEngine.Logger:Log (UnityEngine.LogType,object)
0x00000164dc1db628 (Mono JIT Code) UnityEngine.Debug:Log (object)
0x00000164dc1db1fb (Mono JIT Code) VegetableSpawner:SpawnVegetables ()
0x00000164dc1db00b (Mono JIT Code) VegetableSpawner:Start ()
0x00000164992fb0e8 (Mono JIT Code) (wrapper runtime-invoke) object:runtime_invoke_void__this__ (object,intptr,intptr,intptr)
0x00007fff0663e274 (mono-2.0-bdwgc) mono_jit_set_domain
0x00007fff0657eb74 (mono-2.0-bdwgc) mono_object_get_virtual_method
0x00007fff0657ed0c (mono-2.0-bdwgc) mono_runtime_invoke
0x00007fff0756a75a (UnityPlayer) 
0x00007fff07558b7b (UnityPlayer) 
0x00007fff075593d6 (UnityPlayer) 
0x00007fff0755a5da (UnityPlayer) 
0x00007fff0722fe1d (UnityPlayer) 
0x00007fff0739be37 (UnityPlayer) 
0x00007fff0739bfc4 (UnityPlayer) 
0x00007fff0739c3d3 (UnityPlayer) 
0x00007fff075e93db (UnityPlayer) 
0x00007fff075eba7b (UnityPlayer) 
0x00007fff075eee1b (UnityPlayer) 
0x00007fff075ef0bb (UnityPlayer) UnityMain
0x00007ff7e4c111f2 (GardenFrenzy) 
0x00007ffa2c0b257d (KERNEL32) BaseThreadInitThunk
0x00007ffa2d2caa58 (ntdll) RtlUserThreadStart

6
0x00007fff077e0b3d (UnityPlayer) UnityMain
0x00007fff077e08b8 (UnityPlayer) UnityMain
0x00007fff077c9b99 (UnityPlayer) UnityMain
0x00007fff07e4ea7f (UnityPlayer) UnityMain
0x00007fff06e69b28 (UnityPlayer) 
0x00000164dc1dbf03 (Mono JIT Code) (wrapper managed-to-native) UnityEngine.DebugLogHandler:Internal_Log (UnityEngine.LogType,UnityEngine.LogOption,string,UnityEngine.Object)
0x00000164dc1dbbab (Mono JIT Code) UnityEngine.DebugLogHandler:LogFormat (UnityEngine.LogType,UnityEngine.Object,string,object[])
0x00000164dc1db760 (Mono JIT Code) UnityEngine.Logger:Log (UnityEngine.LogType,object)
0x00000164dc1db628 (Mono JIT Code) UnityEngine.Debug:Log (object)
0x00000164dc1db1fb (Mono JIT Code) VegetableSpawner:SpawnVegetables ()
0x00000164dc1db00b (Mono JIT Code) VegetableSpawner:Start ()
0x00000164992fb0e8 (Mono JIT Code) (wrapper runtime-invoke) object:runtime_invoke_void__this__ (object,intptr,intptr,intptr)
0x00007fff0663e274 (mono-2.0-bdwgc) mono_jit_set_domain
0x00007fff0657eb74 (mono-2.0-bdwgc) mono_object_get_virtual_method
0x00007fff0657ed0c (mono-2.0-bdwgc) mono_runtime_invoke
0x00007fff0756a75a (UnityPlayer) 
0x00007fff07558b7b (UnityPlayer) 
0x00007fff075593d6 (UnityPlayer) 
0x00007fff0755a5da (UnityPlayer) 
0x00007fff0722fe1d (UnityPlayer) 
0x00007fff0739be37 (UnityPlayer) 
0x00007fff0739bfc4 (UnityPlayer) 
0x00007fff0739c3d3 (UnityPlayer) 
0x00007fff075e93db (UnityPlayer) 
0x00007fff075eba7b (UnityPlayer) 
0x00007fff075eee1b (UnityPlayer) 
0x00007fff075ef0bb (UnityPlayer) UnityMain
0x00007ff7e4c111f2 (GardenFrenzy) 
0x00007ffa2c0b257d (KERNEL32) BaseThreadInitThunk
0x00007ffa2d2caa58 (ntdll) RtlUserThreadStart

7
0x00007fff077e0b3d (UnityPlayer) UnityMain
0x00007fff077e08b8 (UnityPlayer) UnityMain
0x00007fff077c9b99 (UnityPlayer) UnityMain
0x00007fff07e4ea7f (UnityPlayer) UnityMain
0x00007fff06e69b28 (UnityPlayer) 
0x00000164dc1dbf03 (Mono JIT Code) (wrapper managed-to-native) UnityEngine.DebugLogHandler:Internal_Log (UnityEngine.LogType,UnityEngine.LogOption,string,UnityEngine.Object)
0x00000164dc1dbbab (Mono JIT Code) UnityEngine.DebugLogHandler:LogFormat (UnityEngine.LogType,UnityEngine.Object,string,object[])
0x00000164dc1db760 (Mono JIT Code) UnityEngine.Logger:Log (UnityEngine.LogType,object)
0x00000164dc1db628 (Mono JIT Code) UnityEngine.Debug:Log (object)
0x00000164dc1db1fb (Mono JIT Code) VegetableSpawner:SpawnVegetables ()
0x00000164dc1db00b (Mono JIT Code) VegetableSpawner:Start ()
0x00000164992fb0e8 (Mono JIT Code) (wrapper runtime-invoke) object:runtime_invoke_void__this__ (object,intptr,intptr,intptr)
0x00007fff0663e274 (mono-2.0-bdwgc) mono_jit_set_domain
0x00007fff0657eb74 (mono-2.0-bdwgc) mono_object_get_virtual_method
0x00007fff0657ed0c (mono-2.0-bdwgc) mono_runtime_invoke
0x00007fff0756a75a (UnityPlayer) 
0x00007fff07558b7b (UnityPlayer) 
0x00007fff075593d6 (UnityPlayer) 
0x00007fff0755a5da (UnityPlayer) 
0x00007fff0722fe1d (UnityPlayer) 
0x00007fff0739be37 (UnityPlayer) 
0x00007fff0739bfc4 (UnityPlayer) 
0x00007fff0739c3d3 (UnityPlayer) 
0x00007fff075e93db (UnityPlayer) 
0x00007fff075eba7b (UnityPlayer) 
0x00007fff075eee1b (UnityPlayer) 
0x00007fff075ef0bb (UnityPlayer) UnityMain
0x00007ff7e4c111f2 (GardenFrenzy) 
0x00007ffa2c0b257d (KERNEL32) BaseThreadInitThunk
0x00007ffa2d2caa58 (ntdll) RtlUserThreadStart

8
0x00007fff077e0b3d (UnityPlayer) UnityMain
0x00007fff077e08b8 (UnityPlayer) UnityMain
0x00007fff077c9b99 (UnityPlayer) UnityMain
0x00007fff07e4ea7f (UnityPlayer) UnityMain
0x00007fff06e69b28 (UnityPlayer) 
0x00000164dc1dbf03 (Mono JIT Code) (wrapper managed-to-native) UnityEngine.DebugLogHandler:Internal_Log (UnityEngine.LogType,UnityEngine.LogOption,string,UnityEngine.Object)
0x00000164dc1dbbab (Mono JIT Code) UnityEngine.DebugLogHandler:LogFormat (UnityEngine.LogType,UnityEngine.Object,string,object[])
0x00000164dc1db760 (Mono JIT Code) UnityEngine.Logger:Log (UnityEngine.LogType,object)
0x00000164dc1db628 (Mono JIT Code) UnityEngine.Debug:Log (object)
0x00000164dc1db1fb (Mono JIT Code) VegetableSpawner:SpawnVegetables ()
0x00000164dc1db00b (Mono JIT Code) VegetableSpawner:Start ()
0x00000164992fb0e8 (Mono JIT Code) (wrapper runtime-invoke) object:runtime_invoke_void__this__ (object,intptr,intptr,intptr)
0x00007fff0663e274 (mono-2.0-bdwgc) mono_jit_set_domain
0x00007fff0657eb74 (mono-2.0-bdwgc) mono_object_get_virtual_method
0x00007fff0657ed0c (mono-2.0-bdwgc) mono_runtime_invoke
0x00007fff0756a75a (UnityPlayer) 
0x00007fff07558b7b (UnityPlayer) 
0x00007fff075593d6 (UnityPlayer) 
0x00007fff0755a5da (UnityPlayer) 
0x00007fff0722fe1d (UnityPlayer) 
0x00007fff0739be37 (UnityPlayer) 
0x00007fff0739bfc4 (UnityPlayer) 
0x00007fff0739c3d3 (UnityPlayer) 
0x00007fff075e93db (UnityPlayer) 
0x00007fff075eba7b (UnityPlayer) 
0x00007fff075eee1b (UnityPlayer) 
0x00007fff075ef0bb (UnityPlayer) UnityMain
0x00007ff7e4c111f2 (GardenFrenzy) 
0x00007ffa2c0b257d (KERNEL32) BaseThreadInitThunk
0x00007ffa2d2caa58 (ntdll) RtlUserThreadStart

9
0x00007fff077e0b3d (UnityPlayer) UnityMain
0x00007fff077e08b8 (UnityPlayer) UnityMain
0x00007fff077c9b99 (UnityPlayer) UnityMain
0x00007fff07e4ea7f (UnityPlayer) UnityMain
0x00007fff06e69b28 (UnityPlayer) 
0x00000164dc1dbf03 (Mono JIT Code) (wrapper managed-to-native) UnityEngine.DebugLogHandler:Internal_Log (UnityEngine.LogType,UnityEngine.LogOption,string,UnityEngine.Object)
0x00000164dc1dbbab (Mono JIT Code) UnityEngine.DebugLogHandler:LogFormat (UnityEngine.LogType,UnityEngine.Object,string,object[])
0x00000164dc1db760 (Mono JIT Code) UnityEngine.Logger:Log (UnityEngine.LogType,object)
0x00000164dc1db628 (Mono JIT Code) UnityEngine.Debug:Log (object)
0x00000164dc1db1fb (Mono JIT Code) VegetableSpawner:SpawnVegetables ()
0x00000164dc1db00b (Mono JIT Code) VegetableSpawner:Start ()
0x00000164992fb0e8 (Mono JIT Code) (wrapper runtime-invoke) object:runtime_invoke_void__this__ (object,intptr,intptr,intptr)
0x00007fff0663e274 (mono-2.0-bdwgc) mono_jit_set_domain
0x00007fff0657eb74 (mono-2.0-bdwgc) mono_object_get_virtual_method
0x00007fff0657ed0c (mono-2.0-bdwgc) mono_runtime_invoke
0x00007fff0756a75a (UnityPlayer) 
0x00007fff07558b7b (UnityPlayer) 
0x00007fff075593d6 (UnityPlayer) 
0x00007fff0755a5da (UnityPlayer) 
0x00007fff0722fe1d (UnityPlayer) 
0x00007fff0739be37 (UnityPlayer) 
0x00007fff0739bfc4 (UnityPlayer) 
0x00007fff0739c3d3 (UnityPlayer) 
0x00007fff075e93db (UnityPlayer) 
0x00007fff075eba7b (UnityPlayer) 
0x00007fff075eee1b (UnityPlayer) 
0x00007fff075ef0bb (UnityPlayer) UnityMain
0x00007ff7e4c111f2 (GardenFrenzy) 
0x00007ffa2c0b257d (KERNEL32) BaseThreadInitThunk
0x00007ffa2d2caa58 (ntdll) RtlUserThreadStart

10
0x00007fff077e0b3d (UnityPlayer) UnityMain
0x00007fff077e08b8 (UnityPlayer) UnityMain
0x00007fff077c9b99 (UnityPlayer) UnityMain
0x00007fff07e4ea7f (UnityPlayer) UnityMain
0x00007fff06e69b28 (UnityPlayer) 
0x00000164dc1dbf03 (Mono JIT Code) (wrapper managed-to-native) UnityEngine.DebugLogHandler:Internal_Log (UnityEngine.LogType,UnityEngine.LogOption,string,UnityEngine.Object)
0x00000164dc1dbbab (Mono JIT Code) UnityEngine.DebugLogHandler:LogFormat (UnityEngine.LogType,UnityEngine.Object,string,object[])
0x00000164dc1db760 (Mono JIT Code) UnityEngine.Logger:Log (UnityEngine.LogType,object)
0x00000164dc1db628 (Mono JIT Code) UnityEngine.Debug:Log (object)
0x00000164dc1db1fb (Mono JIT Code) VegetableSpawner:SpawnVegetables ()
0x00000164dc1db00b (Mono JIT Code) VegetableSpawner:Start ()
0x00000164992fb0e8 (Mono JIT Code) (wrapper runtime-invoke) object:runtime_invoke_void__this__ (object,intptr,intptr,intptr)
0x00007fff0663e274 (mono-2.0-bdwgc) mono_jit_set_domain
0x00007fff0657eb74 (mono-2.0-bdwgc) mono_object_get_virtual_method
0x00007fff0657ed0c (mono-2.0-bdwgc) mono_runtime_invoke
0x00007fff0756a75a (UnityPlayer) 
0x00007fff07558b7b (UnityPlayer) 
0x00007fff075593d6 (UnityPlayer) 
0x00007fff0755a5da (UnityPlayer) 
0x00007fff0722fe1d (UnityPlayer) 
0x00007fff0739be37 (UnityPlayer) 
0x00007fff0739bfc4 (UnityPlayer) 
0x00007fff0739c3d3 (UnityPlayer) 
0x00007fff075e93db (UnityPlayer) 
0x00007fff075eba7b (UnityPlayer) 
0x00007fff075eee1b (UnityPlayer) 
0x00007fff075ef0bb (UnityPlayer) UnityMain
0x00007ff7e4c111f2 (GardenFrenzy) 
0x00007ffa2c0b257d (KERNEL32) BaseThreadInitThunk
0x00007ffa2d2caa58 (ntdll) RtlUserThreadStart

11
0x00007fff077e0b3d (UnityPlayer) UnityMain
0x00007fff077e08b8 (UnityPlayer) UnityMain
0x00007fff077c9b99 (UnityPlayer) UnityMain
0x00007fff07e4ea7f (UnityPlayer) UnityMain
0x00007fff06e69b28 (UnityPlayer) 
0x00000164dc1dbf03 (Mono JIT Code) (wrapper managed-to-native) UnityEngine.DebugLogHandler:Internal_Log (UnityEngine.LogType,UnityEngine.LogOption,string,UnityEngine.Object)
0x00000164dc1dbbab (Mono JIT Code) UnityEngine.DebugLogHandler:LogFormat (UnityEngine.LogType,UnityEngine.Object,string,object[])
0x00000164dc1db760 (Mono JIT Code) UnityEngine.Logger:Log (UnityEngine.LogType,object)
0x00000164dc1db628 (Mono JIT Code) UnityEngine.Debug:Log (object)
0x00000164dc1db1fb (Mono JIT Code) VegetableSpawner:SpawnVegetables ()
0x00000164dc1db00b (Mono JIT Code) VegetableSpawner:Start ()
0x00000164992fb0e8 (Mono JIT Code) (wrapper runtime-invoke) object:runtime_invoke_void__this__ (object,intptr,intptr,intptr)
0x00007fff0663e274 (mono-2.0-bdwgc) mono_jit_set_domain
0x00007fff0657eb74 (mono-2.0-bdwgc) mono_object_get_virtual_method
0x00007fff0657ed0c (mono-2.0-bdwgc) mono_runtime_invoke
0x00007fff0756a75a (UnityPlayer) 
0x00007fff07558b7b (UnityPlayer) 
0x00007fff075593d6 (UnityPlayer) 
0x00007fff0755a5da (UnityPlayer) 
0x00007fff0722fe1d (UnityPlayer) 
0x00007fff0739be37 (UnityPlayer) 
0x00007fff0739bfc4 (UnityPlayer) 
0x00007fff0739c3d3 (UnityPlayer) 
0x00007fff075e93db (UnityPlayer) 
0x00007fff075eba7b (UnityPlayer) 
0x00007fff075eee1b (UnityPlayer) 
0x00007fff075ef0bb (UnityPlayer) UnityMain
0x00007ff7e4c111f2 (GardenFrenzy) 
0x00007ffa2c0b257d (KERNEL32) BaseThreadInitThunk
0x00007ffa2d2caa58 (ntdll) RtlUserThreadStart

12
0x00007fff077e0b3d (UnityPlayer) UnityMain
0x00007fff077e08b8 (UnityPlayer) UnityMain
0x00007fff077c9b99 (UnityPlayer) UnityMain
0x00007fff07e4ea7f (UnityPlayer) UnityMain
0x00007fff06e69b28 (UnityPlayer) 
0x00000164dc1dbf03 (Mono JIT Code) (wrapper managed-to-native) UnityEngine.DebugLogHandler:Internal_Log (UnityEngine.LogType,UnityEngine.LogOption,string,UnityEngine.Object)
0x00000164dc1dbbab (Mono JIT Code) UnityEngine.DebugLogHandler:LogFormat (UnityEngine.LogType,UnityEngine.Object,string,object[])
0x00000164dc1db760 (Mono JIT Code) UnityEngine.Logger:Log (UnityEngine.LogType,object)
0x00000164dc1db628 (Mono JIT Code) UnityEngine.Debug:Log (object)
0x00000164dc1db1fb (Mono JIT Code) VegetableSpawner:SpawnVegetables ()
0x00000164dc1db00b (Mono JIT Code) VegetableSpawner:Start ()
0x00000164992fb0e8 (Mono JIT Code) (wrapper runtime-invoke) object:runtime_invoke_void__this__ (object,intptr,intptr,intptr)
0x00007fff0663e274 (mono-2.0-bdwgc) mono_jit_set_domain
0x00007fff0657eb74 (mono-2.0-bdwgc) mono_object_get_virtual_method
0x00007fff0657ed0c (mono-2.0-bdwgc) mono_runtime_invoke
0x00007fff0756a75a (UnityPlayer) 
0x00007fff07558b7b (UnityPlayer) 
0x00007fff075593d6 (UnityPlayer) 
0x00007fff0755a5da (UnityPlayer) 
0x00007fff0722fe1d (UnityPlayer) 
0x00007fff0739be37 (UnityPlayer) 
0x00007fff0739bfc4 (UnityPlayer) 
0x00007fff0739c3d3 (UnityPlayer) 
0x00007fff075e93db (UnityPlayer) 
0x00007fff075eba7b (UnityPlayer) 
0x00007fff075eee1b (UnityPlayer) 
0x00007fff075ef0bb (UnityPlayer) UnityMain
0x00007ff7e4c111f2 (GardenFrenzy) 
0x00007ffa2c0b257d (KERNEL32) BaseThreadInitThunk
0x00007ffa2d2caa58 (ntdll) RtlUserThreadStart

13
0x00007fff077e0b3d (UnityPlayer) UnityMain
0x00007fff077e08b8 (UnityPlayer) UnityMain
0x00007fff077c9b99 (UnityPlayer) UnityMain
0x00007fff07e4ea7f (UnityPlayer) UnityMain
0x00007fff06e69b28 (UnityPlayer) 
0x00000164dc1dbf03 (Mono JIT Code) (wrapper managed-to-native) UnityEngine.DebugLogHandler:Internal_Log (UnityEngine.LogType,UnityEngine.LogOption,string,UnityEngine.Object)
0x00000164dc1dbbab (Mono JIT Code) UnityEngine.DebugLogHandler:LogFormat (UnityEngine.LogType,UnityEngine.Object,string,object[])
0x00000164dc1db760 (Mono JIT Code) UnityEngine.Logger:Log (UnityEngine.LogType,object)
0x00000164dc1db628 (Mono JIT Code) UnityEngine.Debug:Log (object)
0x00000164dc1db1fb (Mono JIT Code) VegetableSpawner:SpawnVegetables ()
0x00000164dc1db00b (Mono JIT Code) VegetableSpawner:Start ()
0x00000164992fb0e8 (Mono JIT Code) (wrapper runtime-invoke) object:runtime_invoke_void__this__ (object,intptr,intptr,intptr)
0x00007fff0663e274 (mono-2.0-bdwgc) mono_jit_set_domain
0x00007fff0657eb74 (mono-2.0-bdwgc) mono_object_get_virtual_method
0x00007fff0657ed0c (mono-2.0-bdwgc) mono_runtime_invoke
0x00007fff0756a75a (UnityPlayer) 
0x00007fff07558b7b (UnityPlayer) 
0x00007fff075593d6 (UnityPlayer) 
0x00007fff0755a5da (UnityPlayer) 
0x00007fff0722fe1d (UnityPlayer) 
0x00007fff0739be37 (UnityPlayer) 
0x00007fff0739bfc4 (UnityPlayer) 
0x00007fff0739c3d3 (UnityPlayer) 
0x00007fff075e93db (UnityPlayer) 
0x00007fff075eba7b (UnityPlayer) 
0x00007fff075eee1b (UnityPlayer) 
0x00007fff075ef0bb (UnityPlayer) UnityMain
0x00007ff7e4c111f2 (GardenFrenzy) 
0x00007ffa2c0b257d (KERNEL32) BaseThreadInitThunk
0x00007ffa2d2caa58 (ntdll) RtlUserThreadStart

14
0x00007fff077e0b3d (UnityPlayer) UnityMain
0x00007fff077e08b8 (UnityPlayer) UnityMain
0x00007fff077c9b99 (UnityPlayer) UnityMain
0x00007fff07e4ea7f (UnityPlayer) UnityMain
0x00007fff06e69b28 (UnityPlayer) 
0x00000164dc1dbf03 (Mono JIT Code) (wrapper managed-to-native) UnityEngine.DebugLogHandler:Internal_Log (UnityEngine.LogType,UnityEngine.LogOption,string,UnityEngine.Object)
0x00000164dc1dbbab (Mono JIT Code) UnityEngine.DebugLogHandler:LogFormat (UnityEngine.LogType,UnityEngine.Object,string,object[])
0x00000164dc1db760 (Mono JIT Code) UnityEngine.Logger:Log (UnityEngine.LogType,object)
0x00000164dc1db628 (Mono JIT Code) UnityEngine.Debug:Log (object)
0x00000164dc1db1fb (Mono JIT Code) VegetableSpawner:SpawnVegetables ()
0x00000164dc1db00b (Mono JIT Code) VegetableSpawner:Start ()
0x00000164992fb0e8 (Mono JIT Code) (wrapper runtime-invoke) object:runtime_invoke_void__this__ (object,intptr,intptr,intptr)
0x00007fff0663e274 (mono-2.0-bdwgc) mono_jit_set_domain
0x00007fff0657eb74 (mono-2.0-bdwgc) mono_object_get_virtual_method
0x00007fff0657ed0c (mono-2.0-bdwgc) mono_runtime_invoke
0x00007fff0756a75a (UnityPlayer) 
0x00007fff07558b7b (UnityPlayer) 
0x00007fff075593d6 (UnityPlayer) 
0x00007fff0755a5da (UnityPlayer) 
0x00007fff0722fe1d (UnityPlayer) 
0x00007fff0739be37 (UnityPlayer) 
0x00007fff0739bfc4 (UnityPlayer) 
0x00007fff0739c3d3 (UnityPlayer) 
0x00007fff075e93db (UnityPlayer) 
0x00007fff075eba7b (UnityPlayer) 
0x00007fff075eee1b (UnityPlayer) 
0x00007fff075ef0bb (UnityPlayer) UnityMain
0x00007ff7e4c111f2 (GardenFrenzy) 
0x00007ffa2c0b257d (KERNEL32) BaseThreadInitThunk
0x00007ffa2d2caa58 (ntdll) RtlUserThreadStart

15
0x00007fff077e0b3d (UnityPlayer) UnityMain
0x00007fff077e08b8 (UnityPlayer) UnityMain
0x00007fff077c9b99 (UnityPlayer) UnityMain
0x00007fff07e4ea7f (UnityPlayer) UnityMain
0x00007fff06e69b28 (UnityPlayer) 
0x00000164dc1dbf03 (Mono JIT Code) (wrapper managed-to-native) UnityEngine.DebugLogHandler:Internal_Log (UnityEngine.LogType,UnityEngine.LogOption,string,UnityEngine.Object)
0x00000164dc1dbbab (Mono JIT Code) UnityEngine.DebugLogHandler:LogFormat (UnityEngine.LogType,UnityEngine.Object,string,object[])
0x00000164dc1db760 (Mono JIT Code) UnityEngine.Logger:Log (UnityEngine.LogType,object)
0x00000164dc1db628 (Mono JIT Code) UnityEngine.Debug:Log (object)
0x00000164dc1db1fb (Mono JIT Code) VegetableSpawner:SpawnVegetables ()
0x00000164dc1db00b (Mono JIT Code) VegetableSpawner:Start ()
0x00000164992fb0e8 (Mono JIT Code) (wrapper runtime-invoke) object:runtime_invoke_void__this__ (object,intptr,intptr,intptr)
0x00007fff0663e274 (mono-2.0-bdwgc) mono_jit_set_domain
0x00007fff0657eb74 (mono-2.0-bdwgc) mono_object_get_virtual_method
0x00007fff0657ed0c (mono-2.0-bdwgc) mono_runtime_invoke
0x00007fff0756a75a (UnityPlayer) 
0x00007fff07558b7b (UnityPlayer) 
0x00007fff075593d6 (UnityPlayer) 
0x00007fff0755a5da (UnityPlayer) 
0x00007fff0722fe1d (UnityPlayer) 
0x00007fff0739be37 (UnityPlayer) 
0x00007fff0739bfc4 (UnityPlayer) 
0x00007fff0739c3d3 (UnityPlayer) 
0x00007fff075e93db (UnityPlayer) 
0x00007fff075eba7b (UnityPlayer) 
0x00007fff075eee1b (UnityPlayer) 
0x00007fff075ef0bb (UnityPlayer) UnityMain
0x00007ff7e4c111f2 (GardenFrenzy) 
0x00007ffa2c0b257d (KERNEL32) BaseThreadInitThunk
0x00007ffa2d2caa58 (ntdll) RtlUserThreadStart

16
0x00007fff077e0b3d (UnityPlayer) UnityMain
0x00007fff077e08b8 (UnityPlayer) UnityMain
0x00007fff077c9b99 (UnityPlayer) UnityMain
0x00007fff07e4ea7f (UnityPlayer) UnityMain
0x00007fff06e69b28 (UnityPlayer) 
0x00000164dc1dbf03 (Mono JIT Code) (wrapper managed-to-native) UnityEngine.DebugLogHandler:Internal_Log (UnityEngine.LogType,UnityEngine.LogOption,string,UnityEngine.Object)
0x00000164dc1dbbab (Mono JIT Code) UnityEngine.DebugLogHandler:LogFormat (UnityEngine.LogType,UnityEngine.Object,string,object[])
0x00000164dc1db760 (Mono JIT Code) UnityEngine.Logger:Log (UnityEngine.LogType,object)
0x00000164dc1db628 (Mono JIT Code) UnityEngine.Debug:Log (object)
0x00000164dc1db1fb (Mono JIT Code) VegetableSpawner:SpawnVegetables ()
0x00000164dc1db00b (Mono JIT Code) VegetableSpawner:Start ()
0x00000164992fb0e8 (Mono JIT Code) (wrapper runtime-invoke) object:runtime_invoke_void__this__ (object,intptr,intptr,intptr)
0x00007fff0663e274 (mono-2.0-bdwgc) mono_jit_set_domain
0x00007fff0657eb74 (mono-2.0-bdwgc) mono_object_get_virtual_method
0x00007fff0657ed0c (mono-2.0-bdwgc) mono_runtime_invoke
0x00007fff0756a75a (UnityPlayer) 
0x00007fff07558b7b (UnityPlayer) 
0x00007fff075593d6 (UnityPlayer) 
0x00007fff0755a5da (UnityPlayer) 
0x00007fff0722fe1d (UnityPlayer) 
0x00007fff0739be37 (UnityPlayer) 
0x00007fff0739bfc4 (UnityPlayer) 
0x00007fff0739c3d3 (UnityPlayer) 
0x00007fff075e93db (UnityPlayer) 
0x00007fff075eba7b (UnityPlayer) 
0x00007fff075eee1b (UnityPlayer) 
0x00007fff075ef0bb (UnityPlayer) UnityMain
0x00007ff7e4c111f2 (GardenFrenzy) 
0x00007ffa2c0b257d (KERNEL32) BaseThreadInitThunk
0x00007ffa2d2caa58 (ntdll) RtlUserThreadStart

17
0x00007fff077e0b3d (UnityPlayer) UnityMain
0x00007fff077e08b8 (UnityPlayer) UnityMain
0x00007fff077c9b99 (UnityPlayer) UnityMain
0x00007fff07e4ea7f (UnityPlayer) UnityMain
0x00007fff06e69b28 (UnityPlayer) 
0x00000164dc1dbf03 (Mono JIT Code) (wrapper managed-to-native) UnityEngine.DebugLogHandler:Internal_Log (UnityEngine.LogType,UnityEngine.LogOption,string,UnityEngine.Object)
0x00000164dc1dbbab (Mono JIT Code) UnityEngine.DebugLogHandler:LogFormat (UnityEngine.LogType,UnityEngine.Object,string,object[])
0x00000164dc1db760 (Mono JIT Code) UnityEngine.Logger:Log (UnityEngine.LogType,object)
0x00000164dc1db628 (Mono JIT Code) UnityEngine.Debug:Log (object)
0x00000164dc1db1fb (Mono JIT Code) VegetableSpawner:SpawnVegetables ()
0x00000164dc1db00b (Mono JIT Code) VegetableSpawner:Start ()
0x00000164992fb0e8 (Mono JIT Code) (wrapper runtime-invoke) object:runtime_invoke_void__this__ (object,intptr,intptr,intptr)
0x00007fff0663e274 (mono-2.0-bdwgc) mono_jit_set_domain
0x00007fff0657eb74 (mono-2.0-bdwgc) mono_object_get_virtual_method
0x00007fff0657ed0c (mono-2.0-bdwgc) mono_runtime_invoke
0x00007fff0756a75a (UnityPlayer) 
0x00007fff07558b7b (UnityPlayer) 
0x00007fff075593d6 (UnityPlayer) 
0x00007fff0755a5da (UnityPlayer) 
0x00007fff0722fe1d (UnityPlayer) 
0x00007fff0739be37 (UnityPlayer) 
0x00007fff0739bfc4 (UnityPlayer) 
0x00007fff0739c3d3 (UnityPlayer) 
0x00007fff075e93db (UnityPlayer) 
0x00007fff075eba7b (UnityPlayer) 
0x00007fff075eee1b (UnityPlayer) 
0x00007fff075ef0bb (UnityPlayer) UnityMain
0x00007ff7e4c111f2 (GardenFrenzy) 
0x00007ffa2c0b257d (KERNEL32) BaseThreadInitThunk
0x00007ffa2d2caa58 (ntdll) RtlUserThreadStart

18
0x00007fff077e0b3d (UnityPlayer) UnityMain
0x00007fff077e08b8 (UnityPlayer) UnityMain
0x00007fff077c9b99 (UnityPlayer) UnityMain
0x00007fff07e4ea7f (UnityPlayer) UnityMain
0x00007fff06e69b28 (UnityPlayer) 
0x00000164dc1dbf03 (Mono JIT Code) (wrapper managed-to-native) UnityEngine.DebugLogHandler:Internal_Log (UnityEngine.LogType,UnityEngine.LogOption,string,UnityEngine.Object)
0x00000164dc1dbbab (Mono JIT Code) UnityEngine.DebugLogHandler:LogFormat (UnityEngine.LogType,UnityEngine.Object,string,object[])
0x00000164dc1db760 (Mono JIT Code) UnityEngine.Logger:Log (UnityEngine.LogType,object)
0x00000164dc1db628 (Mono JIT Code) UnityEngine.Debug:Log (object)
0x00000164dc1db1fb (Mono JIT Code) VegetableSpawner:SpawnVegetables ()
0x00000164dc1db00b (Mono JIT Code) VegetableSpawner:Start ()
0x00000164992fb0e8 (Mono JIT Code) (wrapper runtime-invoke) object:runtime_invoke_void__this__ (object,intptr,intptr,intptr)
0x00007fff0663e274 (mono-2.0-bdwgc) mono_jit_set_domain
0x00007fff0657eb74 (mono-2.0-bdwgc) mono_object_get_virtual_method
0x00007fff0657ed0c (mono-2.0-bdwgc) mono_runtime_invoke
0x00007fff0756a75a (UnityPlayer) 
0x00007fff07558b7b (UnityPlayer) 
0x00007fff075593d6 (UnityPlayer) 
0x00007fff0755a5da (UnityPlayer) 
0x00007fff0722fe1d (UnityPlayer) 
0x00007fff0739be37 (UnityPlayer) 
0x00007fff0739bfc4 (UnityPlayer) 
0x00007fff0739c3d3 (UnityPlayer) 
0x00007fff075e93db (UnityPlayer) 
0x00007fff075eba7b (UnityPlayer) 
0x00007fff075eee1b (UnityPlayer) 
0x00007fff075ef0bb (UnityPlayer) UnityMain
0x00007ff7e4c111f2 (GardenFrenzy) 
0x00007ffa2c0b257d (KERNEL32) BaseThreadInitThunk
0x00007ffa2d2caa58 (ntdll) RtlUserThreadStart

19
0x00007fff077e0b3d (UnityPlayer) UnityMain
0x00007fff077e08b8 (UnityPlayer) UnityMain
0x00007fff077c9b99 (UnityPlayer) UnityMain
0x00007fff07e4ea7f (UnityPlayer) UnityMain
0x00007fff06e69b28 (UnityPlayer) 
0x00000164dc1dbf03 (Mono JIT Code) (wrapper managed-to-native) UnityEngine.DebugLogHandler:Internal_Log (UnityEngine.LogType,UnityEngine.LogOption,string,UnityEngine.Object)
0x00000164dc1dbbab (Mono JIT Code) UnityEngine.DebugLogHandler:LogFormat (UnityEngine.LogType,UnityEngine.Object,string,object[])
0x00000164dc1db760 (Mono JIT Code) UnityEngine.Logger:Log (UnityEngine.LogType,object)
0x00000164dc1db628 (Mono JIT Code) UnityEngine.Debug:Log (object)
0x00000164dc1db1fb (Mono JIT Code) VegetableSpawner:SpawnVegetables ()
0x00000164dc1db00b (Mono JIT Code) VegetableSpawner:Start ()
0x00000164992fb0e8 (Mono JIT Code) (wrapper runtime-invoke) object:runtime_invoke_void__this__ (object,intptr,intptr,intptr)
0x00007fff0663e274 (mono-2.0-bdwgc) mono_jit_set_domain
0x00007fff0657eb74 (mono-2.0-bdwgc) mono_object_get_virtual_method
0x00007fff0657ed0c (mono-2.0-bdwgc) mono_runtime_invoke
0x00007fff0756a75a (UnityPlayer) 
0x00007fff07558b7b (UnityPlayer) 
0x00007fff075593d6 (UnityPlayer) 
0x00007fff0755a5da (UnityPlayer) 
0x00007fff0722fe1d (UnityPlayer) 
0x00007fff0739be37 (UnityPlayer) 
0x00007fff0739bfc4 (UnityPlayer) 
0x00007fff0739c3d3 (UnityPlayer) 
0x00007fff075e93db (UnityPlayer) 
0x00007fff075eba7b (UnityPlayer) 
0x00007fff075eee1b (UnityPlayer) 
0x00007fff075ef0bb (UnityPlayer) UnityMain
0x00007ff7e4c111f2 (GardenFrenzy) 
0x00007ffa2c0b257d (KERNEL32) BaseThreadInitThunk
0x00007ffa2d2caa58 (ntdll) RtlUserThreadStart

20
0x00007fff077e0b3d (UnityPlayer) UnityMain
0x00007fff077e08b8 (UnityPlayer) UnityMain
0x00007fff077c9b99 (UnityPlayer) UnityMain
0x00007fff07e4ea7f (UnityPlayer) UnityMain
0x00007fff06e69b28 (UnityPlayer) 
0x00000164dc1dbf03 (Mono JIT Code) (wrapper managed-to-native) UnityEngine.DebugLogHandler:Internal_Log (UnityEngine.LogType,UnityEngine.LogOption,string,UnityEngine.Object)
0x00000164dc1dbbab (Mono JIT Code) UnityEngine.DebugLogHandler:LogFormat (UnityEngine.LogType,UnityEngine.Object,string,object[])
0x00000164dc1db760 (Mono JIT Code) UnityEngine.Logger:Log (UnityEngine.LogType,object)
0x00000164dc1db628 (Mono JIT Code) UnityEngine.Debug:Log (object)
0x00000164dc1db1fb (Mono JIT Code) VegetableSpawner:SpawnVegetables ()
0x00000164dc1db00b (Mono JIT Code) VegetableSpawner:Start ()
0x00000164992fb0e8 (Mono JIT Code) (wrapper runtime-invoke) object:runtime_invoke_void__this__ (object,intptr,intptr,intptr)
0x00007fff0663e274 (mono-2.0-bdwgc) mono_jit_set_domain
0x00007fff0657eb74 (mono-2.0-bdwgc) mono_object_get_virtual_method
0x00007fff0657ed0c (mono-2.0-bdwgc) mono_runtime_invoke
0x00007fff0756a75a (UnityPlayer) 
0x00007fff07558b7b (UnityPlayer) 
0x00007fff075593d6 (UnityPlayer) 
0x00007fff0755a5da (UnityPlayer) 
0x00007fff0722fe1d (UnityPlayer) 
0x00007fff0739be37 (UnityPlayer) 
0x00007fff0739bfc4 (UnityPlayer) 
0x00007fff0739c3d3 (UnityPlayer) 
0x00007fff075e93db (UnityPlayer) 
0x00007fff075eba7b (UnityPlayer) 
0x00007fff075eee1b (UnityPlayer) 
0x00007fff075ef0bb (UnityPlayer) UnityMain
0x00007ff7e4c111f2 (GardenFrenzy) 
0x00007ffa2c0b257d (KERNEL32) BaseThreadInitThunk
0x00007ffa2d2caa58 (ntdll) RtlUserThreadStart

21
0x00007fff077e0b3d (UnityPlayer) UnityMain
0x00007fff077e08b8 (UnityPlayer) UnityMain
0x00007fff077c9b99 (UnityPlayer) UnityMain
0x00007fff07e4ea7f (UnityPlayer) UnityMain
0x00007fff06e69b28 (UnityPlayer) 
0x00000164dc1dbf03 (Mono JIT Code) (wrapper managed-to-native) UnityEngine.DebugLogHandler:Internal_Log (UnityEngine.LogType,UnityEngine.LogOption,string,UnityEngine.Object)
0x00000164dc1dbbab (Mono JIT Code) UnityEngine.DebugLogHandler:LogFormat (UnityEngine.LogType,UnityEngine.Object,string,object[])
0x00000164dc1db760 (Mono JIT Code) UnityEngine.Logger:Log (UnityEngine.LogType,object)
0x00000164dc1db628 (Mono JIT Code) UnityEngine.Debug:Log (object)
0x00000164dc1db1fb (Mono JIT Code) VegetableSpawner:SpawnVegetables ()
0x00000164dc1db00b (Mono JIT Code) VegetableSpawner:Start ()
0x00000164992fb0e8 (Mono JIT Code) (wrapper runtime-invoke) object:runtime_invoke_void__this__ (object,intptr,intptr,intptr)
0x00007fff0663e274 (mono-2.0-bdwgc) mono_jit_set_domain
0x00007fff0657eb74 (mono-2.0-bdwgc) mono_object_get_virtual_method
0x00007fff0657ed0c (mono-2.0-bdwgc) mono_runtime_invoke
0x00007fff0756a75a (UnityPlayer) 
0x00007fff07558b7b (UnityPlayer) 
0x00007fff075593d6 (UnityPlayer) 
0x00007fff0755a5da (UnityPlayer) 
0x00007fff0722fe1d (UnityPlayer) 
0x00007fff0739be37 (UnityPlayer) 
0x00007fff0739bfc4 (UnityPlayer) 
0x00007fff0739c3d3 (UnityPlayer) 
0x00007fff075e93db (UnityPlayer) 
0x00007fff075eba7b (UnityPlayer) 
0x00007fff075eee1b (UnityPlayer) 
0x00007fff075ef0bb (UnityPlayer) UnityMain
0x00007ff7e4c111f2 (GardenFrenzy) 
0x00007ffa2c0b257d (KERNEL32) BaseThreadInitThunk
0x00007ffa2d2caa58 (ntdll) RtlUserThreadStart

22
0x00007fff077e0b3d (UnityPlayer) UnityMain
0x00007fff077e08b8 (UnityPlayer) UnityMain
0x00007fff077c9b99 (UnityPlayer) UnityMain
0x00007fff07e4ea7f (UnityPlayer) UnityMain
0x00007fff06e69b28 (UnityPlayer) 
0x00000164dc1dbf03 (Mono JIT Code) (wrapper managed-to-native) UnityEngine.DebugLogHandler:Internal_Log (UnityEngine.LogType,UnityEngine.LogOption,string,UnityEngine.Object)
0x00000164dc1dbbab (Mono JIT Code) UnityEngine.DebugLogHandler:LogFormat (UnityEngine.LogType,UnityEngine.Object,string,object[])
0x00000164dc1db760 (Mono JIT Code) UnityEngine.Logger:Log (UnityEngine.LogType,object)
0x00000164dc1db628 (Mono JIT Code) UnityEngine.Debug:Log (object)
0x00000164dc1db1fb (Mono JIT Code) VegetableSpawner:SpawnVegetables ()
0x00000164dc1db00b (Mono JIT Code) VegetableSpawner:Start ()
0x00000164992fb0e8 (Mono JIT Code) (wrapper runtime-invoke) object:runtime_invoke_void__this__ (object,intptr,intptr,intptr)
0x00007fff0663e274 (mono-2.0-bdwgc) mono_jit_set_domain
0x00007fff0657eb74 (mono-2.0-bdwgc) mono_object_get_virtual_method
0x00007fff0657ed0c (mono-2.0-bdwgc) mono_runtime_invoke
0x00007fff0756a75a (UnityPlayer) 
0x00007fff07558b7b (UnityPlayer) 
0x00007fff075593d6 (UnityPlayer) 
0x00007fff0755a5da (UnityPlayer) 
0x00007fff0722fe1d (UnityPlayer) 
0x00007fff0739be37 (UnityPlayer) 
0x00007fff0739bfc4 (UnityPlayer) 
0x00007fff0739c3d3 (UnityPlayer) 
0x00007fff075e93db (UnityPlayer) 
0x00007fff075eba7b (UnityPlayer) 
0x00007fff075eee1b (UnityPlayer) 
0x00007fff075ef0bb (UnityPlayer) UnityMain
0x00007ff7e4c111f2 (GardenFrenzy) 
0x00007ffa2c0b257d (KERNEL32) BaseThreadInitThunk
0x00007ffa2d2caa58 (ntdll) RtlUserThreadStart

23
0x00007fff077e0b3d (UnityPlayer) UnityMain
0x00007fff077e08b8 (UnityPlayer) UnityMain
0x00007fff077c9b99 (UnityPlayer) UnityMain
0x00007fff07e4ea7f (UnityPlayer) UnityMain
0x00007fff06e69b28 (UnityPlayer) 
0x00000164dc1dbf03 (Mono JIT Code) (wrapper managed-to-native) UnityEngine.DebugLogHandler:Internal_Log (UnityEngine.LogType,UnityEngine.LogOption,string,UnityEngine.Object)
0x00000164dc1dbbab (Mono JIT Code) UnityEngine.DebugLogHandler:LogFormat (UnityEngine.LogType,UnityEngine.Object,string,object[])
0x00000164dc1db760 (Mono JIT Code) UnityEngine.Logger:Log (UnityEngine.LogType,object)
0x00000164dc1db628 (Mono JIT Code) UnityEngine.Debug:Log (object)
0x00000164dc1db1fb (Mono JIT Code) VegetableSpawner:SpawnVegetables ()
0x00000164dc1db00b (Mono JIT Code) VegetableSpawner:Start ()
0x00000164992fb0e8 (Mono JIT Code) (wrapper runtime-invoke) object:runtime_invoke_void__this__ (object,intptr,intptr,intptr)
0x00007fff0663e274 (mono-2.0-bdwgc) mono_jit_set_domain
0x00007fff0657eb74 (mono-2.0-bdwgc) mono_object_get_virtual_method
0x00007fff0657ed0c (mono-2.0-bdwgc) mono_runtime_invoke
0x00007fff0756a75a (UnityPlayer) 
0x00007fff07558b7b (UnityPlayer) 
0x00007fff075593d6 (UnityPlayer) 
0x00007fff0755a5da (UnityPlayer) 
0x00007fff0722fe1d (UnityPlayer) 
0x00007fff0739be37 (UnityPlayer) 
0x00007fff0739bfc4 (UnityPlayer) 
0x00007fff0739c3d3 (UnityPlayer) 
0x00007fff075e93db (UnityPlayer) 
0x00007fff075eba7b (UnityPlayer) 
0x00007fff075eee1b (UnityPlayer) 
0x00007fff075ef0bb (UnityPlayer) UnityMain
0x00007ff7e4c111f2 (GardenFrenzy) 
0x00007ffa2c0b257d (KERNEL32) BaseThreadInitThunk
0x00007ffa2d2caa58 (ntdll) RtlUserThreadStart

24
0x00007fff077e0b3d (UnityPlayer) UnityMain
0x00007fff077e08b8 (UnityPlayer) UnityMain
0x00007fff077c9b99 (UnityPlayer) UnityMain
0x00007fff07e4ea7f (UnityPlayer) UnityMain
0x00007fff06e69b28 (UnityPlayer) 
0x00000164dc1dbf03 (Mono JIT Code) (wrapper managed-to-native) UnityEngine.DebugLogHandler:Internal_Log (UnityEngine.LogType,UnityEngine.LogOption,string,UnityEngine.Object)
0x00000164dc1dbbab (Mono JIT Code) UnityEngine.DebugLogHandler:LogFormat (UnityEngine.LogType,UnityEngine.Object,string,object[])
0x00000164dc1db760 (Mono JIT Code) UnityEngine.Logger:Log (UnityEngine.LogType,object)
0x00000164dc1db628 (Mono JIT Code) UnityEngine.Debug:Log (object)
0x00000164dc1db1fb (Mono JIT Code) VegetableSpawner:SpawnVegetables ()
0x00000164dc1db00b (Mono JIT Code) VegetableSpawner:Start ()
0x00000164992fb0e8 (Mono JIT Code) (wrapper runtime-invoke) object:runtime_invoke_void__this__ (object,intptr,intptr,intptr)
0x00007fff0663e274 (mono-2.0-bdwgc) mono_jit_set_domain
0x00007fff0657eb74 (mono-2.0-bdwgc) mono_object_get_virtual_method
0x00007fff0657ed0c (mono-2.0-bdwgc) mono_runtime_invoke
0x00007fff0756a75a (UnityPlayer) 
0x00007fff07558b7b (UnityPlayer) 
0x00007fff075593d6 (UnityPlayer) 
0x00007fff0755a5da (UnityPlayer) 
0x00007fff0722fe1d (UnityPlayer) 
0x00007fff0739be37 (UnityPlayer) 
0x00007fff0739bfc4 (UnityPlayer) 
0x00007fff0739c3d3 (UnityPlayer) 
0x00007fff075e93db (UnityPlayer) 
0x00007fff075eba7b (UnityPlayer) 
0x00007fff075eee1b (UnityPlayer) 
0x00007fff075ef0bb (UnityPlayer) UnityMain
0x00007ff7e4c111f2 (GardenFrenzy) 
0x00007ffa2c0b257d (KERNEL32) BaseThreadInitThunk
0x00007ffa2d2caa58 (ntdll) RtlUserThreadStart

vegetable spawned
0x00007fff077e0b3d (UnityPlayer) UnityMain
0x00007fff077e08b8 (UnityPlayer) UnityMain
0x00007fff077c9b99 (UnityPlayer) UnityMain
0x00007fff07e4ea7f (UnityPlayer) UnityMain
0x00007fff06e69b28 (UnityPlayer) 
0x00000164dc1dbf03 (Mono JIT Code) (wrapper managed-to-native) UnityEngine.DebugLogHandler:Internal_Log (UnityEngine.LogType,UnityEngine.LogOption,string,UnityEngine.Object)
0x00000164dc1dbbab (Mono JIT Code) UnityEngine.DebugLogHandler:LogFormat (UnityEngine.LogType,UnityEngine.Object,string,object[])
0x00000164dc1db760 (Mono JIT Code) UnityEngine.Logger:Log (UnityEngine.LogType,object)
0x00000164dc1db628 (Mono JIT Code) UnityEngine.Debug:Log (object)
0x00000164dc1db4ab (Mono JIT Code) VegetableSpawner:SpawnVegetables ()
0x00000164dc1db00b (Mono JIT Code) VegetableSpawner:Start ()
0x00000164992fb0e8 (Mono JIT Code) (wrapper runtime-invoke) object:runtime_invoke_void__this__ (object,intptr,intptr,intptr)
0x00007fff0663e274 (mono-2.0-bdwgc) mono_jit_set_domain
0x00007fff0657eb74 (mono-2.0-bdwgc) mono_object_get_virtual_method
0x00007fff0657ed0c (mono-2.0-bdwgc) mono_runtime_invoke
0x00007fff0756a75a (UnityPlayer) 
0x00007fff07558b7b (UnityPlayer) 
0x00007fff075593d6 (UnityPlayer) 
0x00007fff0755a5da (UnityPlayer) 
0x00007fff0722fe1d (UnityPlayer) 
0x00007fff0739be37 (UnityPlayer) 
0x00007fff0739bfc4 (UnityPlayer) 
0x00007fff0739c3d3 (UnityPlayer) 
0x00007fff075e93db (UnityPlayer) 
0x00007fff075eba7b (UnityPlayer) 
0x00007fff075eee1b (UnityPlayer) 
0x00007fff075ef0bb (UnityPlayer) UnityMain
0x00007ff7e4c111f2 (GardenFrenzy) 
0x00007ffa2c0b257d (KERNEL32) BaseThreadInitThunk
0x00007ffa2d2caa58 (ntdll) RtlUserThreadStart

powerup spawned
0x00007fff077e0b3d (UnityPlayer) UnityMain
0x00007fff077e08b8 (UnityPlayer) UnityMain
0x00007fff077c9b99 (UnityPlayer) UnityMain
0x00007fff07e4ea7f (UnityPlayer) UnityMain
0x00007fff06e69b28 (UnityPlayer) 
0x00000164dc1dbf03 (Mono JIT Code) (wrapper managed-to-native) UnityEngine.DebugLogHandler:Internal_Log (UnityEngine.LogType,UnityEngine.LogOption,string,UnityEngine.Object)
0x00000164dc1dbbab (Mono JIT Code) UnityEngine.DebugLogHandler:LogFormat (UnityEngine.LogType,UnityEngine.Object,string,object[])
0x00000164dc1db760 (Mono JIT Code) UnityEngine.Logger:Log (UnityEngine.LogType,object)
0x00000164dc1db628 (Mono JIT Code) UnityEngine.Debug:Log (object)
0x00000164dc1dcdcb (Mono JIT Code) PowerUpSpawner:SpawnPowerUps ()
0x00000164dc1dcaab (Mono JIT Code) PowerUpSpawner:Start ()
0x00000164992fb0e8 (Mono JIT Code) (wrapper runtime-invoke) object:runtime_invoke_void__this__ (object,intptr,intptr,intptr)
0x00007fff0663e274 (mono-2.0-bdwgc) mono_jit_set_domain
0x00007fff0657eb74 (mono-2.0-bdwgc) mono_object_get_virtual_method
0x00007fff0657ed0c (mono-2.0-bdwgc) mono_runtime_invoke
0x00007fff0756a75a (UnityPlayer) 
0x00007fff07558b7b (UnityPlayer) 
0x00007fff075593d6 (UnityPlayer) 
0x00007fff0755a5da (UnityPlayer) 
0x00007fff0722fe1d (UnityPlayer) 
0x00007fff0739be37 (UnityPlayer) 
0x00007fff0739bfc4 (UnityPlayer) 
0x00007fff0739c3d3 (UnityPlayer) 
0x00007fff075e93db (UnityPlayer) 
0x00007fff075eba7b (UnityPlayer) 
0x00007fff075eee1b (UnityPlayer) 
0x00007fff075ef0bb (UnityPlayer) UnityMain
0x00007ff7e4c111f2 (GardenFrenzy) 
0x00007ffa2c0b257d (KERNEL32) BaseThreadInitThunk
0x00007ffa2d2caa58 (ntdll) RtlUserThreadStart

Unable to save timers to file C:/Users/user/Documents/TA Game/mlagent/Build/GardenFrenzy_Data\ML-Agents\Timers\GameScene_timers.json
0x00007fff077e0b3d (UnityPlayer) UnityMain
0x00007fff077e08b8 (UnityPlayer) UnityMain
0x00007fff077c9b99 (UnityPlayer) UnityMain
0x00007fff07e4ea7f (UnityPlayer) UnityMain
0x00007fff06e69b28 (UnityPlayer) 
0x00000164dc1dbf03 (Mono JIT Code) (wrapper managed-to-native) UnityEngine.DebugLogHandler:Internal_Log (UnityEngine.LogType,UnityEngine.LogOption,string,UnityEngine.Object)
0x00000164dc1dbbab (Mono JIT Code) UnityEngine.DebugLogHandler:LogFormat (UnityEngine.LogType,UnityEngine.Object,string,object[])
0x00000164dc1db760 (Mono JIT Code) UnityEngine.Logger:Log (UnityEngine.LogType,object)
0x0000016454a0a618 (Mono JIT Code) UnityEngine.Debug:LogWarning (object)
0x0000016454a07deb (Mono JIT Code) Unity.MLAgents.TimerStack:SaveJsonTimers (string)
0x0000016454a070a3 (Mono JIT Code) Unity.MLAgents.Academy:Dispose ()
0x00000164dc1dfcd2 (Mono JIT Code) (wrapper delegate-invoke) <Module>:invoke_void ()
0x0000016454a06e9a (Mono JIT Code) UnityEngine.Application:Internal_ApplicationQuit ()
0x000001632ed31575 (Mono JIT Code) (wrapper runtime-invoke) object:runtime_invoke_void (object,intptr,intptr,intptr)
0x00007fff0663e274 (mono-2.0-bdwgc) mono_jit_set_domain
0x00007fff0657eb74 (mono-2.0-bdwgc) mono_object_get_virtual_method
0x00007fff0657ed0c (mono-2.0-bdwgc) mono_runtime_invoke
0x00007fff075f5d29 (UnityPlayer) UnityMain
0x00007fff073a96b8 (UnityPlayer) 
0x00007fff073aabd5 (UnityPlayer) 
0x00007fff075e9228 (UnityPlayer) 
0x00007fff075eba7b (UnityPlayer) 
0x00007fff075eee1b (UnityPlayer) 
0x00007fff075ef0bb (UnityPlayer) UnityMain
0x00007ff7e4c111f2 (GardenFrenzy) 
0x00007ffa2c0b257d (KERNEL32) BaseThreadInitThunk
0x00007ffa2d2caa58 (ntdll) RtlUserThreadStart

Setting up 10 worker threads for Enlighten.
Memory Statistics:
[ALLOC_TEMP_TLS] TLS Allocator
  StackAllocators : 
    [ALLOC_TEMP_MAIN]
      Peak usage frame count: [2.0 KB-4.0 KB]: 64 frames, [2.0 MB-4.0 MB]: 1 frames
      Initial Block Size 4.0 MB
      Current Block Size 4.0 MB
      Peak Allocated Bytes 2.1 MB
      Overflow Count 0
    [ALLOC_TEMP_Background Job.worker 4]
      Initial Block Size 32.0 KB
      Current Block Size 32.0 KB
      Peak Allocated Bytes 54 B
      Overflow Count 0
    [ALLOC_TEMP_Loading.PreloadManager]
      Initial Block Size 256.0 KB
      Current Block Size 256.0 KB
      Peak Allocated Bytes 91.7 KB
      Overflow Count 4
    [ALLOC_TEMP_Background Job.worker 3]
      Initial Block Size 32.0 KB
      Current Block Size 32.0 KB
      Peak Allocated Bytes 54 B
      Overflow Count 0
    [ALLOC_TEMP_Background Job.worker 11]
      Initial Block Size 32.0 KB
      Current Block Size 32.0 KB
      Peak Allocated Bytes 54 B
      Overflow Count 0
    [ALLOC_TEMP_Job.worker 16]
      Initial Block Size 256.0 KB
      Current Block Size 256.0 KB
      Peak Allocated Bytes 54 B
      Overflow Count 0
    [ALLOC_TEMP_Background Job.worker 7]
      Initial Block Size 32.0 KB
      Current Block Size 32.0 KB
      Peak Allocated Bytes 54 B
      Overflow Count 0
    [ALLOC_TEMP_Background Job.worker 6]
      Initial Block Size 32.0 KB
      Current Block Size 32.0 KB
      Peak Allocated Bytes 54 B
      Overflow Count 0
    [ALLOC_TEMP_Background Job.worker 12]
      Initial Block Size 32.0 KB
      Current Block Size 32.0 KB
      Peak Allocated Bytes 54 B
      Overflow Count 0
    [ALLOC_TEMP_Background Job.worker 2]
      Initial Block Size 32.0 KB
      Current Block Size 32.0 KB
      Peak Allocated Bytes 54 B
      Overflow Count 0
    [ALLOC_TEMP_Background Job.worker 10]
      Initial Block Size 32.0 KB
      Current Block Size 32.0 KB
      Peak Allocated Bytes 54 B
      Overflow Count 0
    [ALLOC_TEMP_Background Job.worker 15]
      Initial Block Size 32.0 KB
      Current Block Size 32.0 KB
      Peak Allocated Bytes 54 B
      Overflow Count 0
    [ALLOC_TEMP_Job.worker 5]
      Initial Block Size 256.0 KB
      Current Block Size 256.0 KB
      Peak Allocated Bytes 16 B
      Overflow Count 0
    [ALLOC_TEMP_Background Job.worker 8]
      Initial Block Size 32.0 KB
      Current Block Size 32.0 KB
      Peak Allocated Bytes 54 B
      Overflow Count 0
    [ALLOC_TEMP_Background Job.worker 13]
      Initial Block Size 32.0 KB
      Current Block Size 32.0 KB
      Peak Allocated Bytes 54 B
      Overflow Count 0
    [ALLOC_TEMP_AssetGarbageCollectorHelper] x 19
      Initial Block Size 64.0 KB
      Current Block Size 64.0 KB
      Peak Allocated Bytes 138 B
      Overflow Count 0
    [ALLOC_TEMP_Background Job.worker 0]
      Initial Block Size 32.0 KB
      Current Block Size 32.0 KB
      Peak Allocated Bytes 54 B
      Overflow Count 0
    [ALLOC_TEMP_Job.worker 6]
      Initial Block Size 256.0 KB
      Current Block Size 256.0 KB
      Peak Allocated Bytes 16 B
      Overflow Count 0
    [ALLOC_TEMP_Job.worker 8]
      Initial Block Size 256.0 KB
      Current Block Size 256.0 KB
      Peak Allocated Bytes 0 B
      Overflow Count 0
    [ALLOC_TEMP_HIDInput]
      Initial Block Size 64.0 KB
      Current Block Size 64.0 KB
      Peak Allocated Bytes 10.8 KB
      Overflow Count 0
    [ALLOC_TEMP_Background Job.worker 14]
      Initial Block Size 32.0 KB
      Current Block Size 32.0 KB
      Peak Allocated Bytes 54 B
      Overflow Count 0
    [ALLOC_TEMP_BatchDeleteObjects]
      Initial Block Size 64.0 KB
      Current Block Size 64.0 KB
      Peak Allocated Bytes 54 B
      Overflow Count 0
    [ALLOC_TEMP_Job.worker 11]
      Initial Block Size 256.0 KB
      Current Block Size 256.0 KB
      Peak Allocated Bytes 54 B
      Overflow Count 0
    [ALLOC_TEMP_Job.worker 15]
      Initial Block Size 256.0 KB
      Current Block Size 256.0 KB
      Peak Allocated Bytes 54 B
      Overflow Count 0
    [ALLOC_TEMP_Background Job.worker 9]
      Initial Block Size 32.0 KB
      Current Block Size 32.0 KB
      Peak Allocated Bytes 54 B
      Overflow Count 0
    [ALLOC_TEMP_Job.worker 0]
      Initial Block Size 256.0 KB
      Current Block Size 256.0 KB
      Peak Allocated Bytes 16 B
      Overflow Count 0
    [ALLOC_TEMP_Job.worker 4]
      Initial Block Size 256.0 KB
      Current Block Size 256.0 KB
      Peak Allocated Bytes 0 B
      Overflow Count 0
    [ALLOC_TEMP_Job.worker 14]
      Initial Block Size 256.0 KB
      Current Block Size 256.0 KB
      Peak Allocated Bytes 54 B
      Overflow Count 0
    [ALLOC_TEMP_Job.worker 13]
      Initial Block Size 256.0 KB
      Current Block Size 256.0 KB
      Peak Allocated Bytes 54 B
      Overflow Count 0
    [ALLOC_TEMP_Background Job.worker 1]
      Initial Block Size 32.0 KB
      Current Block Size 32.0 KB
      Peak Allocated Bytes 54 B
      Overflow Count 0
    [ALLOC_TEMP_EnlightenWorker] x 10
      Initial Block Size 64.0 KB
      Current Block Size 64.0 KB
      Peak Allocated Bytes 54 B
      Overflow Count 0
    [ALLOC_TEMP_Job.worker 1]
      Initial Block Size 256.0 KB
      Current Block Size 256.0 KB
      Peak Allocated Bytes 8.8 KB
      Overflow Count 0
    [ALLOC_TEMP_Job.worker 3]
      Initial Block Size 256.0 KB
      Current Block Size 256.0 KB
      Peak Allocated Bytes 0 B
      Overflow Count 0
    [ALLOC_TEMP_Background Job.worker 5]
      Initial Block Size 32.0 KB
      Current Block Size 32.0 KB
      Peak Allocated Bytes 54 B
      Overflow Count 0
    [ALLOC_TEMP_Job.worker 12]
      Initial Block Size 256.0 KB
      Current Block Size 256.0 KB
      Peak Allocated Bytes 54 B
      Overflow Count 0
    [ALLOC_TEMP_UnityGfxDeviceWorker]
      Initial Block Size 256.0 KB
      Current Block Size 256.0 KB
      Peak Allocated Bytes 14.3 KB
      Overflow Count 0
    [ALLOC_TEMP_Job.worker 2]
      Initial Block Size 256.0 KB
      Current Block Size 256.0 KB
      Peak Allocated Bytes 8.5 KB
      Overflow Count 0
    [ALLOC_TEMP_Job.worker 10]
      Initial Block Size 256.0 KB
      Current Block Size 256.0 KB
      Peak Allocated Bytes 54 B
      Overflow Count 0
    [ALLOC_TEMP_Job.worker 7]
      Initial Block Size 256.0 KB
      Current Block Size 256.0 KB
      Peak Allocated Bytes 16 B
      Overflow Count 0
    [ALLOC_TEMP_Job.worker 17]
      Initial Block Size 256.0 KB
      Current Block Size 256.0 KB
      Peak Allocated Bytes 54 B
      Overflow Count 0
    [ALLOC_TEMP_Job.worker 9]
      Initial Block Size 256.0 KB
      Current Block Size 256.0 KB
      Peak Allocated Bytes 16 B
      Overflow Count 0
    [ALLOC_TEMP_Job.worker 18]
      Initial Block Size 256.0 KB
      Current Block Size 256.0 KB
      Peak Allocated Bytes 54 B
      Overflow Count 0
    [ALLOC_TEMP_Loading.AsyncRead]
      Initial Block Size 64.0 KB
      Current Block Size 64.0 KB
      Peak Allocated Bytes 285 B
      Overflow Count 0
[ALLOC_DEFAULT] Dual Thread Allocator
  Peak main deferred allocation count 121
    [ALLOC_BUCKET]
      Large Block size 4.0 MB
      Used Block count 1
      Peak Allocated bytes 1.3 MB
    [ALLOC_DEFAULT_MAIN]
      Peak usage frame count: [16.0 MB-32.0 MB]: 65 frames
      Requested Block Size 16.0 MB
      Peak Block count 2
      Peak Allocated memory 25.1 MB
      Peak Large allocation bytes 8.0 MB
    [ALLOC_DEFAULT_THREAD]
      Peak usage frame count: [16.0 MB-32.0 MB]: 65 frames
      Requested Block Size 16.0 MB
      Peak Block count 1
      Peak Allocated memory 21.8 MB
      Peak Large allocation bytes 16.0 MB
[ALLOC_TEMP_JOB_1_FRAME]
  Initial Block Size 2.0 MB
  Used Block Count 0
  Overflow Count (too large) 0
  Overflow Count (full) 0
[ALLOC_TEMP_JOB_2_FRAMES]
  Initial Block Size 2.0 MB
  Used Block Count 0
  Overflow Count (too large) 0
  Overflow Count (full) 0
[ALLOC_TEMP_JOB_4_FRAMES (JobTemp)]
  Initial Block Size 2.0 MB
  Used Block Count 1
  Overflow Count (too large) 0
  Overflow Count (full) 0
[ALLOC_TEMP_JOB_ASYNC (Background)]
  Initial Block Size 1.0 MB
  Used Block Count 1
  Overflow Count (too large) 0
  Overflow Count (full) 0
[ALLOC_GFX] Dual Thread Allocator
  Peak main deferred allocation count 1
    [ALLOC_BUCKET]
      Large Block size 4.0 MB
      Used Block count 1
      Peak Allocated bytes 1.3 MB
    [ALLOC_GFX_MAIN]
      Peak usage frame count: [64.0 KB-128.0 KB]: 65 frames
      Requested Block Size 16.0 MB
      Peak Block count 1
      Peak Allocated memory 108.8 KB
      Peak Large allocation bytes 0 B
    [ALLOC_GFX_THREAD]
      Peak usage frame count: [16.0 KB-32.0 KB]: 65 frames
      Requested Block Size 16.0 MB
      Peak Block count 1
      Peak Allocated memory 20.8 KB
      Peak Large allocation bytes 0 B
[ALLOC_CACHEOBJECTS] Dual Thread Allocator
  Peak main deferred allocation count 2
    [ALLOC_BUCKET]
      Large Block size 4.0 MB
      Used Block count 1
      Peak Allocated bytes 1.3 MB
    [ALLOC_CACHEOBJECTS_MAIN]
      Peak usage frame count: [1.0 MB-2.0 MB]: 65 frames
      Requested Block Size 4.0 MB
      Peak Block count 1
      Peak Allocated memory 1.3 MB
      Peak Large allocation bytes 0 B
    [ALLOC_CACHEOBJECTS_THREAD]
      Peak usage frame count: [1.0 MB-2.0 MB]: 64 frames, [2.0 MB-4.0 MB]: 1 frames
      Requested Block Size 4.0 MB
      Peak Block count 1
      Peak Allocated memory 2.1 MB
      Peak Large allocation bytes 0 B
[ALLOC_TYPETREE] Dual Thread Allocator
  Peak main deferred allocation count 0
    [ALLOC_BUCKET]
      Large Block size 4.0 MB
      Used Block count 1
      Peak Allocated bytes 1.3 MB
    [ALLOC_TYPETREE_MAIN]
      Peak usage frame count: [8.0 KB-16.0 KB]: 65 frames
      Requested Block Size 2.0 MB
      Peak Block count 1
      Peak Allocated memory 9.2 KB
      Peak Large allocation bytes 0 B
    [ALLOC_TYPETREE_THREAD]
      Peak usage frame count: [16.0 KB-32.0 KB]: 65 frames
      Requested Block Size 2.0 MB
      Peak Block count 1
      Peak Allocated memory 20.5 KB
      Peak Large allocation bytes 0 B
