Mono path[0] = 'C:/Users/CIT/Documents/TA Game/GardenFrenzy/training/env-3/GardenFrenzy_Data/Managed'
Mono config path = 'C:/Users/CIT/Documents/TA Game/GardenFrenzy/training/env-3/MonoBleedingEdge/etc'
[Physics::Module] Initialized MultithreadedJobDispatcher with 11 workers.
Initialize engine version: 2022.3.10f1 (ff3792e53c62)
[Subsystems] Discovering subsystems at path C:/Users/CIT/Documents/TA Game/GardenFrenzy/training/env-3/GardenFrenzy_Data/UnitySubsystems
GfxDevice: creating device client; threaded=1; jobified=0
Direct3D:
    Version:  Direct3D 11.0 [level 11.1]
    Renderer: AMD Radeon(TM) Graphics (ID=0x1638)
    Vendor:   ATI
    VRAM:     7871 MB
    Driver:   31.0.12027.9001
Begin MonoManager ReloadAssembly
- Loaded All Assemblies, in  0.102 seconds
- Finished resetting the current domain, in  0.001 seconds
D3D11 device created for Microsoft Media Foundation video decoding.
<RI> Initializing input.
New input system (experimental) initialized
Using Windows.Gaming.Input
XInput1_3.dll not found. Trying XInput9_1_0.dll instead...
<RI> Input initialized.
<RI> Initialized touch support.
UnloadTime: 1.384500 ms
IOException: Sharing violation on path C:\Users\CIT\Documents\TA Game\GardenFrenzy\training\record\differentiateVeg.demo
  at System.IO.FileStream..ctor (System.String path, System.IO.FileMode mode, System.IO.FileAccess access, System.IO.FileShare share, System.Int32 bufferSize, System.Boolean anonymous, System.IO.FileOptions options) [0x0019e] in <787acc3c9a4c471ba7d971300105af24>:0 
  at System.IO.FileStream..ctor (System.String path, System.IO.FileMode mode, System.IO.FileAccess access, System.IO.FileShare share, System.Int32 bufferSize) [0x00000] in <787acc3c9a4c471ba7d971300105af24>:0 
  at (wrapper remoting-invoke-with-check) System.IO.FileStream..ctor(string,System.IO.FileMode,System.IO.FileAccess,System.IO.FileShare,int)
  at System.IO.File.Create (System.String path, System.Int32 bufferSize) [0x00000] in <787acc3c9a4c471ba7d971300105af24>:0 
  at System.IO.File.Create (System.String path) [0x00000] in <787acc3c9a4c471ba7d971300105af24>:0 
  at System.IO.Abstractions.FileWrapper.Create (System.String path) [0x00000] in <4c4e5a06f98548cdb02b386179e752b2>:0 
  at Unity.MLAgents.Demonstrations.DemonstrationRecorder.LazyInitialize (System.IO.Abstractions.IFileSystem fileSystem) [0x000b1] in <2846e3cf98f64845b90ccd98c57ded7c>:0 
  at Unity.MLAgents.Demonstrations.DemonstrationRecorder.Update () [0x00009] in <2846e3cf98f64845b90ccd98c57ded7c>:0 

NullReferenceException: Object reference not set to an instance of an object
  at Unity.MLAgents.Agent.ResetSensors () [0x00000] in <2846e3cf98f64845b90ccd98c57ded7c>:0 
  at Unity.MLAgents.Agent.NotifyAgentDone (Unity.MLAgents.Agent+DoneReason doneReason) [0x00107] in <2846e3cf98f64845b90ccd98c57ded7c>:0 
  at Unity.MLAgents.Agent.EndEpisodeAndReset (Unity.MLAgents.Agent+DoneReason reason) [0x00000] in <2846e3cf98f64845b90ccd98c57ded7c>:0 
  at Unity.MLAgents.Agent.EndEpisode () [0x00000] in <2846e3cf98f64845b90ccd98c57ded7c>:0 
  at GameManager.Update () [0x00098] in <815a02ec0e6f4e09b751e1bd86901c1d>:0 

NullReferenceException: Object reference not set to an instance of an object
  at Unity.MLAgents.Agent.ResetSensors () [0x00000] in <2846e3cf98f64845b90ccd98c57ded7c>:0 
  at Unity.MLAgents.Agent.NotifyAgentDone (Unity.MLAgents.Agent+DoneReason doneReason) [0x00107] in <2846e3cf98f64845b90ccd98c57ded7c>:0 
  at Unity.MLAgents.Agent.EndEpisodeAndReset (Unity.MLAgents.Agent+DoneReason reason) [0x00000] in <2846e3cf98f64845b90ccd98c57ded7c>:0 
  at Unity.MLAgents.Agent.EndEpisode () [0x00000] in <2846e3cf98f64845b90ccd98c57ded7c>:0 
  at GameManager.Update () [0x00098] in <815a02ec0e6f4e09b751e1bd86901c1d>:0 

NullReferenceException: Object reference not set to an instance of an object
  at Unity.MLAgents.Agent.ResetSensors () [0x00000] in <2846e3cf98f64845b90ccd98c57ded7c>:0 
  at Unity.MLAgents.Agent.NotifyAgentDone (Unity.MLAgents.Agent+DoneReason doneReason) [0x00107] in <2846e3cf98f64845b90ccd98c57ded7c>:0 
  at Unity.MLAgents.Agent.EndEpisodeAndReset (Unity.MLAgents.Agent+DoneReason reason) [0x00000] in <2846e3cf98f64845b90ccd98c57ded7c>:0 
  at Unity.MLAgents.Agent.EndEpisode () [0x00000] in <2846e3cf98f64845b90ccd98c57ded7c>:0 
  at GameManager.Update () [0x00098] in <815a02ec0e6f4e09b751e1bd86901c1d>:0 

NullReferenceException: Object reference not set to an instance of an object
  at Unity.MLAgents.Agent.ResetSensors () [0x00000] in <2846e3cf98f64845b90ccd98c57ded7c>:0 
  at Unity.MLAgents.Agent.NotifyAgentDone (Unity.MLAgents.Agent+DoneReason doneReason) [0x00107] in <2846e3cf98f64845b90ccd98c57ded7c>:0 
  at Unity.MLAgents.Agent.EndEpisodeAndReset (Unity.MLAgents.Agent+DoneReason reason) [0x00000] in <2846e3cf98f64845b90ccd98c57ded7c>:0 
  at Unity.MLAgents.Agent.EndEpisode () [0x00000] in <2846e3cf98f64845b90ccd98c57ded7c>:0 
  at GameManager.Update () [0x00098] in <815a02ec0e6f4e09b751e1bd86901c1d>:0 

NullReferenceException: Object reference not set to an instance of an object
  at Unity.MLAgents.Agent.ResetSensors () [0x00000] in <2846e3cf98f64845b90ccd98c57ded7c>:0 
  at Unity.MLAgents.Agent.NotifyAgentDone (Unity.MLAgents.Agent+DoneReason doneReason) [0x00107] in <2846e3cf98f64845b90ccd98c57ded7c>:0 
  at Unity.MLAgents.Agent.EndEpisodeAndReset (Unity.MLAgents.Agent+DoneReason reason) [0x00000] in <2846e3cf98f64845b90ccd98c57ded7c>:0 
  at Unity.MLAgents.Agent.EndEpisode () [0x00000] in <2846e3cf98f64845b90ccd98c57ded7c>:0 
  at GameManager.Update () [0x00098] in <815a02ec0e6f4e09b751e1bd86901c1d>:0 

NullReferenceException: Object reference not set to an instance of an object
  at Unity.MLAgents.Agent.ResetSensors () [0x00000] in <2846e3cf98f64845b90ccd98c57ded7c>:0 
  at Unity.MLAgents.Agent.NotifyAgentDone (Unity.MLAgents.Agent+DoneReason doneReason) [0x00107] in <2846e3cf98f64845b90ccd98c57ded7c>:0 
  at Unity.MLAgents.Agent.EndEpisodeAndReset (Unity.MLAgents.Agent+DoneReason reason) [0x00000] in <2846e3cf98f64845b90ccd98c57ded7c>:0 
  at Unity.MLAgents.Agent.EndEpisode () [0x00000] in <2846e3cf98f64845b90ccd98c57ded7c>:0 
  at GameManager.Update () [0x00098] in <815a02ec0e6f4e09b751e1bd86901c1d>:0 

NullReferenceException: Object reference not set to an instance of an object
  at Unity.MLAgents.Agent.ResetSensors () [0x00000] in <2846e3cf98f64845b90ccd98c57ded7c>:0 
  at Unity.MLAgents.Agent.NotifyAgentDone (Unity.MLAgents.Agent+DoneReason doneReason) [0x00107] in <2846e3cf98f64845b90ccd98c57ded7c>:0 
  at Unity.MLAgents.Agent.EndEpisodeAndReset (Unity.MLAgents.Agent+DoneReason reason) [0x00000] in <2846e3cf98f64845b90ccd98c57ded7c>:0 
  at Unity.MLAgents.Agent.EndEpisode () [0x00000] in <2846e3cf98f64845b90ccd98c57ded7c>:0 
  at GameManager.Update () [0x00098] in <815a02ec0e6f4e09b751e1bd86901c1d>:0 

NullReferenceException: Object reference not set to an instance of an object
  at Unity.MLAgents.Agent.ResetSensors () [0x00000] in <2846e3cf98f64845b90ccd98c57ded7c>:0 
  at Unity.MLAgents.Agent.NotifyAgentDone (Unity.MLAgents.Agent+DoneReason doneReason) [0x00107] in <2846e3cf98f64845b90ccd98c57ded7c>:0 
  at Unity.MLAgents.Agent.EndEpisodeAndReset (Unity.MLAgents.Agent+DoneReason reason) [0x00000] in <2846e3cf98f64845b90ccd98c57ded7c>:0 
  at Unity.MLAgents.Agent.EndEpisode () [0x00000] in <2846e3cf98f64845b90ccd98c57ded7c>:0 
  at GameManager.Update () [0x00098] in <815a02ec0e6f4e09b751e1bd86901c1d>:0 

NullReferenceException: Object reference not set to an instance of an object
  at Unity.MLAgents.Agent.ResetSensors () [0x00000] in <2846e3cf98f64845b90ccd98c57ded7c>:0 
  at Unity.MLAgents.Agent.NotifyAgentDone (Unity.MLAgents.Agent+DoneReason doneReason) [0x00107] in <2846e3cf98f64845b90ccd98c57ded7c>:0 
  at Unity.MLAgents.Agent.EndEpisodeAndReset (Unity.MLAgents.Agent+DoneReason reason) [0x00000] in <2846e3cf98f64845b90ccd98c57ded7c>:0 
  at Unity.MLAgents.Agent.EndEpisode () [0x00000] in <2846e3cf98f64845b90ccd98c57ded7c>:0 
  at GameManager.Update () [0x00098] in <815a02ec0e6f4e09b751e1bd86901c1d>:0 

NullReferenceException: Object reference not set to an instance of an object
  at Unity.MLAgents.Agent.ResetSensors () [0x00000] in <2846e3cf98f64845b90ccd98c57ded7c>:0 
  at Unity.MLAgents.Agent.NotifyAgentDone (Unity.MLAgents.Agent+DoneReason doneReason) [0x00107] in <2846e3cf98f64845b90ccd98c57ded7c>:0 
  at Unity.MLAgents.Agent.EndEpisodeAndReset (Unity.MLAgents.Agent+DoneReason reason) [0x00000] in <2846e3cf98f64845b90ccd98c57ded7c>:0 
  at Unity.MLAgents.Agent.EndEpisode () [0x00000] in <2846e3cf98f64845b90ccd98c57ded7c>:0 
  at GameManager.Update () [0x00098] in <815a02ec0e6f4e09b751e1bd86901c1d>:0 

NullReferenceException: Object reference not set to an instance of an object
  at Unity.MLAgents.Agent.ResetSensors () [0x00000] in <2846e3cf98f64845b90ccd98c57ded7c>:0 
  at Unity.MLAgents.Agent.NotifyAgentDone (Unity.MLAgents.Agent+DoneReason doneReason) [0x00107] in <2846e3cf98f64845b90ccd98c57ded7c>:0 
  at Unity.MLAgents.Agent.EndEpisodeAndReset (Unity.MLAgents.Agent+DoneReason reason) [0x00000] in <2846e3cf98f64845b90ccd98c57ded7c>:0 
  at Unity.MLAgents.Agent.EndEpisode () [0x00000] in <2846e3cf98f64845b90ccd98c57ded7c>:0 
  at GameManager.Update () [0x00098] in <815a02ec0e6f4e09b751e1bd86901c1d>:0 

NullReferenceException: Object reference not set to an instance of an object
  at Unity.MLAgents.Agent.ResetSensors () [0x00000] in <2846e3cf98f64845b90ccd98c57ded7c>:0 
  at Unity.MLAgents.Agent.NotifyAgentDone (Unity.MLAgents.Agent+DoneReason doneReason) [0x00107] in <2846e3cf98f64845b90ccd98c57ded7c>:0 
  at Unity.MLAgents.Agent.EndEpisodeAndReset (Unity.MLAgents.Agent+DoneReason reason) [0x00000] in <2846e3cf98f64845b90ccd98c57ded7c>:0 
  at Unity.MLAgents.Agent.EndEpisode () [0x00000] in <2846e3cf98f64845b90ccd98c57ded7c>:0 
  at GameManager.Update () [0x00098] in <815a02ec0e6f4e09b751e1bd86901c1d>:0 

NullReferenceException: Object reference not set to an instance of an object
  at Unity.MLAgents.Agent.ResetSensors () [0x00000] in <2846e3cf98f64845b90ccd98c57ded7c>:0 
  at Unity.MLAgents.Agent.NotifyAgentDone (Unity.MLAgents.Agent+DoneReason doneReason) [0x00107] in <2846e3cf98f64845b90ccd98c57ded7c>:0 
  at Unity.MLAgents.Agent.EndEpisodeAndReset (Unity.MLAgents.Agent+DoneReason reason) [0x00000] in <2846e3cf98f64845b90ccd98c57ded7c>:0 
  at Unity.MLAgents.Agent.EndEpisode () [0x00000] in <2846e3cf98f64845b90ccd98c57ded7c>:0 
  at GameManager.Update () [0x00098] in <815a02ec0e6f4e09b751e1bd86901c1d>:0 

NullReferenceException: Object reference not set to an instance of an object
  at Unity.MLAgents.Agent.ResetSensors () [0x00000] in <2846e3cf98f64845b90ccd98c57ded7c>:0 
  at Unity.MLAgents.Agent.NotifyAgentDone (Unity.MLAgents.Agent+DoneReason doneReason) [0x00107] in <2846e3cf98f64845b90ccd98c57ded7c>:0 
  at Unity.MLAgents.Agent.EndEpisodeAndReset (Unity.MLAgents.Agent+DoneReason reason) [0x00000] in <2846e3cf98f64845b90ccd98c57ded7c>:0 
  at Unity.MLAgents.Agent.EndEpisode () [0x00000] in <2846e3cf98f64845b90ccd98c57ded7c>:0 
  at GameManager.Update () [0x00098] in <815a02ec0e6f4e09b751e1bd86901c1d>:0 

NullReferenceException: Object reference not set to an instance of an object
  at Unity.MLAgents.Agent.ResetSensors () [0x00000] in <2846e3cf98f64845b90ccd98c57ded7c>:0 
  at Unity.MLAgents.Agent.NotifyAgentDone (Unity.MLAgents.Agent+DoneReason doneReason) [0x00107] in <2846e3cf98f64845b90ccd98c57ded7c>:0 
  at Unity.MLAgents.Agent.EndEpisodeAndReset (Unity.MLAgents.Agent+DoneReason reason) [0x00000] in <2846e3cf98f64845b90ccd98c57ded7c>:0 
  at Unity.MLAgents.Agent.EndEpisode () [0x00000] in <2846e3cf98f64845b90ccd98c57ded7c>:0 
  at GameManager.Update () [0x00098] in <815a02ec0e6f4e09b751e1bd86901c1d>:0 

NullReferenceException: Object reference not set to an instance of an object
  at Unity.MLAgents.Agent.ResetSensors () [0x00000] in <2846e3cf98f64845b90ccd98c57ded7c>:0 
  at Unity.MLAgents.Agent.NotifyAgentDone (Unity.MLAgents.Agent+DoneReason doneReason) [0x00107] in <2846e3cf98f64845b90ccd98c57ded7c>:0 
  at Unity.MLAgents.Agent.EndEpisodeAndReset (Unity.MLAgents.Agent+DoneReason reason) [0x00000] in <2846e3cf98f64845b90ccd98c57ded7c>:0 
  at Unity.MLAgents.Agent.EndEpisode () [0x00000] in <2846e3cf98f64845b90ccd98c57ded7c>:0 
  at GameManager.Update () [0x00098] in <815a02ec0e6f4e09b751e1bd86901c1d>:0 

Setting up 6 worker threads for Enlighten.
Memory Statistics:
[ALLOC_TEMP_TLS] TLS Allocator
  StackAllocators : 
    [ALLOC_TEMP_MAIN]
      Peak usage frame count: [2.0 KB-4.0 KB]: 14581 frames, [4.0 KB-8.0 KB]: 796 frames, [8.0 KB-16.0 KB]: 16 frames, [16.0 KB-32.0 KB]: 40692 frames, [32.0 KB-64.0 KB]: 210 frames, [2.0 MB-4.0 MB]: 1 frames
      Initial Block Size 4.0 MB
      Current Block Size 4.0 MB
      Peak Allocated Bytes 2.1 MB
      Overflow Count 0
    [ALLOC_TEMP_Background Job.worker 4]
      Initial Block Size 32.0 KB
      Current Block Size 32.0 KB
      Peak Allocated Bytes 54 B
      Overflow Count 0
    [ALLOC_TEMP_Loading.PreloadManager]
      Initial Block Size 256.0 KB
      Current Block Size 412.0 KB
      Peak Allocated Bytes 274.4 KB
      Overflow Count 5
    [ALLOC_TEMP_Background Job.worker 3]
      Initial Block Size 32.0 KB
      Current Block Size 32.0 KB
      Peak Allocated Bytes 54 B
      Overflow Count 0
    [ALLOC_TEMP_Background Job.worker 11]
      Initial Block Size 32.0 KB
      Current Block Size 32.0 KB
      Peak Allocated Bytes 54 B
      Overflow Count 0
    [ALLOC_TEMP_Background Job.worker 7]
      Initial Block Size 32.0 KB
      Current Block Size 32.0 KB
      Peak Allocated Bytes 54 B
      Overflow Count 0
    [ALLOC_TEMP_Background Job.worker 6]
      Initial Block Size 32.0 KB
      Current Block Size 32.0 KB
      Peak Allocated Bytes 54 B
      Overflow Count 0
    [ALLOC_TEMP_Background Job.worker 12]
      Initial Block Size 32.0 KB
      Current Block Size 32.0 KB
      Peak Allocated Bytes 54 B
      Overflow Count 0
    [ALLOC_TEMP_Background Job.worker 2]
      Initial Block Size 32.0 KB
      Current Block Size 32.0 KB
      Peak Allocated Bytes 54 B
      Overflow Count 0
    [ALLOC_TEMP_Background Job.worker 9]
      Initial Block Size 32.0 KB
      Current Block Size 32.0 KB
      Peak Allocated Bytes 54 B
      Overflow Count 0
    [ALLOC_TEMP_Job.worker 0]
      Initial Block Size 256.0 KB
      Current Block Size 256.0 KB
      Peak Allocated Bytes 16 B
      Overflow Count 0
    [ALLOC_TEMP_Job.worker 4]
      Initial Block Size 256.0 KB
      Current Block Size 256.0 KB
      Peak Allocated Bytes 16 B
      Overflow Count 0
    [ALLOC_TEMP_Job.worker 5]
      Initial Block Size 256.0 KB
      Current Block Size 256.0 KB
      Peak Allocated Bytes 16 B
      Overflow Count 0
    [ALLOC_TEMP_Background Job.worker 8]
      Initial Block Size 32.0 KB
      Current Block Size 32.0 KB
      Peak Allocated Bytes 54 B
      Overflow Count 0
    [ALLOC_TEMP_Background Job.worker 10]
      Initial Block Size 32.0 KB
      Current Block Size 32.0 KB
      Peak Allocated Bytes 54 B
      Overflow Count 0
    [ALLOC_TEMP_Background Job.worker 1]
      Initial Block Size 32.0 KB
      Current Block Size 32.0 KB
      Peak Allocated Bytes 54 B
      Overflow Count 0
    [ALLOC_TEMP_EnlightenWorker] x 6
      Initial Block Size 64.0 KB
      Current Block Size 64.0 KB
      Peak Allocated Bytes 54 B
      Overflow Count 0
    [ALLOC_TEMP_Job.worker 1]
      Initial Block Size 256.0 KB
      Current Block Size 256.0 KB
      Peak Allocated Bytes 199 B
      Overflow Count 0
    [ALLOC_TEMP_Job.worker 3]
      Initial Block Size 256.0 KB
      Current Block Size 256.0 KB
      Peak Allocated Bytes 16 B
      Overflow Count 0
    [ALLOC_TEMP_Background Job.worker 5]
      Initial Block Size 32.0 KB
      Current Block Size 32.0 KB
      Peak Allocated Bytes 54 B
      Overflow Count 0
    [ALLOC_TEMP_Background Job.worker 13]
      Initial Block Size 32.0 KB
      Current Block Size 32.0 KB
      Peak Allocated Bytes 54 B
      Overflow Count 0
    [ALLOC_TEMP_UnityGfxDeviceWorker]
      Initial Block Size 256.0 KB
      Current Block Size 256.0 KB
      Peak Allocated Bytes 13.3 KB
      Overflow Count 0
    [ALLOC_TEMP_AssetGarbageCollectorHelper] x 11
      Initial Block Size 64.0 KB
      Current Block Size 64.0 KB
      Peak Allocated Bytes 138 B
      Overflow Count 0
    [ALLOC_TEMP_Background Job.worker 15]
      Initial Block Size 32.0 KB
      Current Block Size 32.0 KB
      Peak Allocated Bytes 54 B
      Overflow Count 0
    [ALLOC_TEMP_Job.worker 2]
      Initial Block Size 256.0 KB
      Current Block Size 256.0 KB
      Peak Allocated Bytes 192 B
      Overflow Count 0
    [ALLOC_TEMP_Job.worker 10]
      Initial Block Size 256.0 KB
      Current Block Size 256.0 KB
      Peak Allocated Bytes 54 B
      Overflow Count 0
    [ALLOC_TEMP_Job.worker 7]
      Initial Block Size 256.0 KB
      Current Block Size 256.0 KB
      Peak Allocated Bytes 112 B
      Overflow Count 0
    [ALLOC_TEMP_Job.worker 9]
      Initial Block Size 256.0 KB
      Current Block Size 256.0 KB
      Peak Allocated Bytes 0 B
      Overflow Count 0
    [ALLOC_TEMP_Background Job.worker 0]
      Initial Block Size 32.0 KB
      Current Block Size 32.0 KB
      Peak Allocated Bytes 54 B
      Overflow Count 0
    [ALLOC_TEMP_Job.worker 6]
      Initial Block Size 256.0 KB
      Current Block Size 256.0 KB
      Peak Allocated Bytes 16 B
      Overflow Count 0
    [ALLOC_TEMP_Job.worker 8]
      Initial Block Size 256.0 KB
      Current Block Size 256.0 KB
      Peak Allocated Bytes 16 B
      Overflow Count 0
    [ALLOC_TEMP_HIDInput]
      Initial Block Size 64.0 KB
      Current Block Size 64.0 KB
      Peak Allocated Bytes 10.8 KB
      Overflow Count 0
    [ALLOC_TEMP_Background Job.worker 14]
      Initial Block Size 32.0 KB
      Current Block Size 32.0 KB
      Peak Allocated Bytes 54 B
      Overflow Count 0
    [ALLOC_TEMP_Loading.AsyncRead]
      Initial Block Size 64.0 KB
      Current Block Size 64.0 KB
      Peak Allocated Bytes 324 B
      Overflow Count 0
    [ALLOC_TEMP_BatchDeleteObjects]
      Initial Block Size 64.0 KB
      Current Block Size 64.0 KB
      Peak Allocated Bytes 54 B
      Overflow Count 0
[ALLOC_DEFAULT] Dual Thread Allocator
  Peak main deferred allocation count 1029
    [ALLOC_BUCKET]
      Large Block size 4.0 MB
      Used Block count 1
      Peak Allocated bytes 1.9 MB
    [ALLOC_DEFAULT_MAIN]
      Peak usage frame count: [16.0 MB-32.0 MB]: 56296 frames
      Requested Block Size 16.0 MB
      Peak Block count 2
      Peak Allocated memory 27.8 MB
      Peak Large allocation bytes 8.0 MB
    [ALLOC_DEFAULT_THREAD]
      Peak usage frame count: [16.0 MB-32.0 MB]: 56296 frames
      Requested Block Size 16.0 MB
      Peak Block count 1
      Peak Allocated memory 22.8 MB
      Peak Large allocation bytes 16.0 MB
[ALLOC_TEMP_JOB_1_FRAME]
  Initial Block Size 2.0 MB
  Used Block Count 0
  Overflow Count (too large) 0
  Overflow Count (full) 0
[ALLOC_TEMP_JOB_2_FRAMES]
  Initial Block Size 2.0 MB
  Used Block Count 0
  Overflow Count (too large) 0
  Overflow Count (full) 0
[ALLOC_TEMP_JOB_4_FRAMES (JobTemp)]
  Initial Block Size 2.0 MB
  Used Block Count 1
  Overflow Count (too large) 0
  Overflow Count (full) 0
[ALLOC_TEMP_JOB_ASYNC (Background)]
  Initial Block Size 1.0 MB
  Used Block Count 1
  Overflow Count (too large) 0
  Overflow Count (full) 0
[ALLOC_GFX] Dual Thread Allocator
  Peak main deferred allocation count 1
    [ALLOC_BUCKET]
      Large Block size 4.0 MB
      Used Block count 1
      Peak Allocated bytes 1.9 MB
    [ALLOC_GFX_MAIN]
      Peak usage frame count: [32.0 KB-64.0 KB]: 56295 frames, [64.0 KB-128.0 KB]: 1 frames
      Requested Block Size 16.0 MB
      Peak Block count 1
      Peak Allocated memory 108.8 KB
      Peak Large allocation bytes 0 B
    [ALLOC_GFX_THREAD]
      Peak usage frame count: [16.0 KB-32.0 KB]: 56296 frames
      Requested Block Size 16.0 MB
      Peak Block count 1
      Peak Allocated memory 22.3 KB
      Peak Large allocation bytes 0 B
[ALLOC_CACHEOBJECTS] Dual Thread Allocator
  Peak main deferred allocation count 2
    [ALLOC_BUCKET]
      Large Block size 4.0 MB
      Used Block count 1
      Peak Allocated bytes 1.9 MB
    [ALLOC_CACHEOBJECTS_MAIN]
      Peak usage frame count: [1.0 MB-2.0 MB]: 56296 frames
      Requested Block Size 4.0 MB
      Peak Block count 1
      Peak Allocated memory 1.5 MB
      Peak Large allocation bytes 0 B
    [ALLOC_CACHEOBJECTS_THREAD]
      Peak usage frame count: [2.0 MB-4.0 MB]: 56295 frames, [4.0 MB-8.0 MB]: 1 frames
      Requested Block Size 4.0 MB
      Peak Block count 3
      Peak Allocated memory 8.0 MB
      Peak Large allocation bytes 0 B
[ALLOC_TYPETREE] Dual Thread Allocator
  Peak main deferred allocation count 0
    [ALLOC_BUCKET]
      Large Block size 4.0 MB
      Used Block count 1
      Peak Allocated bytes 1.9 MB
    [ALLOC_TYPETREE_MAIN]
      Peak usage frame count: [8.0 KB-16.0 KB]: 56296 frames
      Requested Block Size 2.0 MB
      Peak Block count 1
      Peak Allocated memory 9.2 KB
      Peak Large allocation bytes 0 B
    [ALLOC_TYPETREE_THREAD]
      Peak usage frame count: [16.0 KB-32.0 KB]: 56296 frames
      Requested Block Size 2.0 MB
      Peak Block count 1
      Peak Allocated memory 20.5 KB
      Peak Large allocation bytes 0 B
